mode: set
github.com/benacook/PartyPlanner-Assignment/controller/handlers/parseJson.go:14.58,17.2 2 0
github.com/benacook/PartyPlanner-Assignment/controller/handlers/parseJson.go:24.61,28.16 4 0
github.com/benacook/PartyPlanner-Assignment/controller/handlers/parseJson.go:31.2,31.15 1 0
github.com/benacook/PartyPlanner-Assignment/controller/handlers/parseJson.go:28.16,30.3 1 0
github.com/benacook/PartyPlanner-Assignment/controller/handlers/parseJson.go:39.61,43.16 4 0
github.com/benacook/PartyPlanner-Assignment/controller/handlers/parseJson.go:46.2,46.15 1 0
github.com/benacook/PartyPlanner-Assignment/controller/handlers/parseJson.go:43.16,45.3 1 0
github.com/benacook/PartyPlanner-Assignment/model/database/venueSprocs.go:16.43,22.51 2 1
github.com/benacook/PartyPlanner-Assignment/model/database/venueSprocs.go:28.2,30.16 2 1
github.com/benacook/PartyPlanner-Assignment/model/database/venueSprocs.go:34.2,34.12 1 1
github.com/benacook/PartyPlanner-Assignment/model/database/venueSprocs.go:22.51,25.3 2 1
github.com/benacook/PartyPlanner-Assignment/model/database/venueSprocs.go:30.16,33.3 2 1
github.com/benacook/PartyPlanner-Assignment/model/database/venueSprocs.go:43.41,45.16 2 1
github.com/benacook/PartyPlanner-Assignment/model/database/venueSprocs.go:49.2,56.31 4 1
github.com/benacook/PartyPlanner-Assignment/model/database/venueSprocs.go:60.2,60.15 1 1
github.com/benacook/PartyPlanner-Assignment/model/database/venueSprocs.go:45.16,48.3 2 1
github.com/benacook/PartyPlanner-Assignment/model/database/venueSprocs.go:56.31,58.3 1 0
github.com/benacook/PartyPlanner-Assignment/model/database/venueSprocs.go:68.31,70.16 2 1
github.com/benacook/PartyPlanner-Assignment/model/database/venueSprocs.go:74.2,74.12 1 1
github.com/benacook/PartyPlanner-Assignment/model/database/venueSprocs.go:70.16,73.3 2 1
github.com/benacook/PartyPlanner-Assignment/model/database/venueSprocs.go:82.82,85.16 2 1
github.com/benacook/PartyPlanner-Assignment/model/database/venueSprocs.go:89.2,89.12 1 1
github.com/benacook/PartyPlanner-Assignment/model/database/venueSprocs.go:85.16,88.3 2 1
github.com/benacook/PartyPlanner-Assignment/main.go:10.13,11.39 1 0
github.com/benacook/PartyPlanner-Assignment/main.go:14.2,19.47 4 0
github.com/benacook/PartyPlanner-Assignment/main.go:11.39,13.3 1 0
github.com/benacook/PartyPlanner-Assignment/main.go:19.47,22.3 2 0
github.com/benacook/PartyPlanner-Assignment/model/database/database.go:30.19,33.16 3 0
github.com/benacook/PartyPlanner-Assignment/model/database/database.go:37.2,37.12 1 0
github.com/benacook/PartyPlanner-Assignment/model/database/database.go:33.16,36.3 2 0
github.com/benacook/PartyPlanner-Assignment/model/database/database.go:45.70,48.16 3 1
github.com/benacook/PartyPlanner-Assignment/model/database/database.go:53.2,54.16 2 0
github.com/benacook/PartyPlanner-Assignment/model/database/database.go:59.2,59.26 1 0
github.com/benacook/PartyPlanner-Assignment/model/database/database.go:48.16,51.3 2 1
github.com/benacook/PartyPlanner-Assignment/model/database/database.go:54.16,57.3 2 0
github.com/benacook/PartyPlanner-Assignment/model/database/database.go:65.29,67.2 1 1
github.com/benacook/PartyPlanner-Assignment/model/database/database.go:72.81,74.15 2 1
github.com/benacook/PartyPlanner-Assignment/model/database/database.go:78.2,78.15 1 1
github.com/benacook/PartyPlanner-Assignment/model/database/database.go:74.15,77.3 2 1
github.com/benacook/PartyPlanner-Assignment/model/database/database.go:84.81,86.15 2 1
github.com/benacook/PartyPlanner-Assignment/model/database/database.go:90.2,90.18 1 1
github.com/benacook/PartyPlanner-Assignment/model/database/database.go:86.15,89.3 2 1
github.com/benacook/PartyPlanner-Assignment/model/database/guestSprocs.go:14.44,17.16 2 1
github.com/benacook/PartyPlanner-Assignment/model/database/guestSprocs.go:21.2,21.12 1 1
github.com/benacook/PartyPlanner-Assignment/model/database/guestSprocs.go:17.16,20.3 2 1
github.com/benacook/PartyPlanner-Assignment/model/database/guestSprocs.go:30.59,32.16 2 1
github.com/benacook/PartyPlanner-Assignment/model/database/guestSprocs.go:36.2,44.18 5 1
github.com/benacook/PartyPlanner-Assignment/model/database/guestSprocs.go:48.2,48.15 1 1
github.com/benacook/PartyPlanner-Assignment/model/database/guestSprocs.go:32.16,35.3 2 1
github.com/benacook/PartyPlanner-Assignment/model/database/guestSprocs.go:44.18,46.3 1 1
github.com/benacook/PartyPlanner-Assignment/model/database/guestSprocs.go:57.48,59.16 2 1
github.com/benacook/PartyPlanner-Assignment/model/database/guestSprocs.go:63.2,66.17 3 1
github.com/benacook/PartyPlanner-Assignment/model/database/guestSprocs.go:72.2,72.20 1 1
github.com/benacook/PartyPlanner-Assignment/model/database/guestSprocs.go:59.16,62.3 2 1
github.com/benacook/PartyPlanner-Assignment/model/database/guestSprocs.go:66.17,71.3 3 1
github.com/benacook/PartyPlanner-Assignment/model/database/guestSprocs.go:81.52,83.16 2 1
github.com/benacook/PartyPlanner-Assignment/model/database/guestSprocs.go:87.2,90.17 3 1
github.com/benacook/PartyPlanner-Assignment/model/database/guestSprocs.go:96.2,96.20 1 1
github.com/benacook/PartyPlanner-Assignment/model/database/guestSprocs.go:83.16,86.3 2 1
github.com/benacook/PartyPlanner-Assignment/model/database/guestSprocs.go:90.17,95.3 3 1
github.com/benacook/PartyPlanner-Assignment/model/database/guestSprocs.go:105.42,107.16 2 1
github.com/benacook/PartyPlanner-Assignment/model/database/guestSprocs.go:112.2,112.12 1 1
github.com/benacook/PartyPlanner-Assignment/model/database/guestSprocs.go:107.16,110.3 2 1
github.com/benacook/PartyPlanner-Assignment/model/database/guestSprocs.go:120.55,122.16 2 1
github.com/benacook/PartyPlanner-Assignment/model/database/guestSprocs.go:126.2,126.12 1 1
github.com/benacook/PartyPlanner-Assignment/model/database/guestSprocs.go:122.16,125.3 2 1
github.com/benacook/PartyPlanner-Assignment/model/database/guestSprocs.go:134.40,136.16 2 1
github.com/benacook/PartyPlanner-Assignment/model/database/guestSprocs.go:141.2,141.12 1 1
github.com/benacook/PartyPlanner-Assignment/model/database/guestSprocs.go:136.16,139.3 2 1
github.com/benacook/PartyPlanner-Assignment/model/database/guestSprocs.go:151.61,153.16 2 1
github.com/benacook/PartyPlanner-Assignment/model/database/guestSprocs.go:157.2,160.17 3 1
github.com/benacook/PartyPlanner-Assignment/model/database/guestSprocs.go:166.2,166.20 1 1
github.com/benacook/PartyPlanner-Assignment/model/database/guestSprocs.go:153.16,156.3 2 1
github.com/benacook/PartyPlanner-Assignment/model/database/guestSprocs.go:160.17,165.3 3 1
github.com/benacook/PartyPlanner-Assignment/model/guests.go:16.64,18.16 2 0
github.com/benacook/PartyPlanner-Assignment/model/guests.go:24.2,25.31 2 0
github.com/benacook/PartyPlanner-Assignment/model/guests.go:29.2,29.45 1 0
github.com/benacook/PartyPlanner-Assignment/model/guests.go:18.16,22.3 3 0
github.com/benacook/PartyPlanner-Assignment/model/guests.go:25.31,27.3 1 0
github.com/benacook/PartyPlanner-Assignment/model/guests.go:38.64,39.45 1 0
github.com/benacook/PartyPlanner-Assignment/model/guests.go:49.2,49.65 1 0
github.com/benacook/PartyPlanner-Assignment/model/guests.go:39.45,41.17 2 0
github.com/benacook/PartyPlanner-Assignment/model/guests.go:45.3,45.28 1 0
github.com/benacook/PartyPlanner-Assignment/model/guests.go:41.17,43.4 1 0
github.com/benacook/PartyPlanner-Assignment/model/guests.go:45.28,47.4 1 0
github.com/benacook/PartyPlanner-Assignment/model/guests.go:64.53,67.16 2 0
github.com/benacook/PartyPlanner-Assignment/model/guests.go:74.2,74.33 1 0
github.com/benacook/PartyPlanner-Assignment/model/guests.go:78.2,79.16 2 0
github.com/benacook/PartyPlanner-Assignment/model/guests.go:83.2,83.45 1 0
github.com/benacook/PartyPlanner-Assignment/model/guests.go:91.2,92.16 2 0
github.com/benacook/PartyPlanner-Assignment/model/guests.go:98.2,102.15 3 0
github.com/benacook/PartyPlanner-Assignment/model/guests.go:67.16,71.3 3 0
github.com/benacook/PartyPlanner-Assignment/model/guests.go:74.33,76.3 1 0
github.com/benacook/PartyPlanner-Assignment/model/guests.go:79.16,81.3 1 0
github.com/benacook/PartyPlanner-Assignment/model/guests.go:83.45,85.17 2 0
github.com/benacook/PartyPlanner-Assignment/model/guests.go:85.17,88.4 2 0
github.com/benacook/PartyPlanner-Assignment/model/guests.go:92.16,96.3 3 0
github.com/benacook/PartyPlanner-Assignment/model/guests.go:110.48,112.15 2 0
github.com/benacook/PartyPlanner-Assignment/model/guests.go:117.2,117.15 1 0
github.com/benacook/PartyPlanner-Assignment/model/guests.go:112.15,116.3 3 0
github.com/benacook/PartyPlanner-Assignment/model/guests.go:124.42,126.16 2 0
github.com/benacook/PartyPlanner-Assignment/model/guests.go:131.2,131.20 1 0
github.com/benacook/PartyPlanner-Assignment/model/guests.go:126.16,130.3 3 0
github.com/benacook/PartyPlanner-Assignment/model/guests.go:138.46,140.16 2 0
github.com/benacook/PartyPlanner-Assignment/model/guests.go:145.2,145.20 1 0
github.com/benacook/PartyPlanner-Assignment/model/guests.go:140.16,144.3 3 0
github.com/benacook/PartyPlanner-Assignment/model/guests.go:153.42,155.16 2 0
github.com/benacook/PartyPlanner-Assignment/model/guests.go:159.2,160.16 2 0
github.com/benacook/PartyPlanner-Assignment/model/guests.go:165.2,167.12 2 0
github.com/benacook/PartyPlanner-Assignment/model/guests.go:155.16,158.3 2 0
github.com/benacook/PartyPlanner-Assignment/model/guests.go:160.16,164.3 3 0
github.com/benacook/PartyPlanner-Assignment/model/guests.go:180.57,182.16 2 0
github.com/benacook/PartyPlanner-Assignment/model/guests.go:186.2,187.16 2 0
github.com/benacook/PartyPlanner-Assignment/model/guests.go:191.2,195.24 3 0
github.com/benacook/PartyPlanner-Assignment/model/guests.go:200.2,200.59 1 0
github.com/benacook/PartyPlanner-Assignment/model/guests.go:204.2,205.16 2 0
github.com/benacook/PartyPlanner-Assignment/model/guests.go:211.2,212.16 2 0
github.com/benacook/PartyPlanner-Assignment/model/guests.go:215.2,215.15 1 0
github.com/benacook/PartyPlanner-Assignment/model/guests.go:182.16,184.3 1 0
github.com/benacook/PartyPlanner-Assignment/model/guests.go:187.16,189.3 1 0
github.com/benacook/PartyPlanner-Assignment/model/guests.go:195.24,198.3 1 0
github.com/benacook/PartyPlanner-Assignment/model/guests.go:200.59,202.3 1 0
github.com/benacook/PartyPlanner-Assignment/model/guests.go:205.16,209.3 3 0
github.com/benacook/PartyPlanner-Assignment/model/guests.go:212.16,214.3 1 0
github.com/benacook/PartyPlanner-Assignment/model/guests.go:222.42,224.16 2 0
github.com/benacook/PartyPlanner-Assignment/model/guests.go:229.2,230.16 2 0
github.com/benacook/PartyPlanner-Assignment/model/guests.go:235.2,235.12 1 0
github.com/benacook/PartyPlanner-Assignment/model/guests.go:224.16,228.3 3 0
github.com/benacook/PartyPlanner-Assignment/model/guests.go:230.16,234.3 3 0
github.com/benacook/PartyPlanner-Assignment/model/venue.go:20.54,24.40 1 0
github.com/benacook/PartyPlanner-Assignment/model/venue.go:28.2,28.53 1 0
github.com/benacook/PartyPlanner-Assignment/model/venue.go:34.2,35.16 2 0
github.com/benacook/PartyPlanner-Assignment/model/venue.go:40.2,40.31 1 0
github.com/benacook/PartyPlanner-Assignment/model/venue.go:44.2,45.15 2 0
github.com/benacook/PartyPlanner-Assignment/model/venue.go:52.2,53.15 2 0
github.com/benacook/PartyPlanner-Assignment/model/venue.go:56.2,56.15 1 0
github.com/benacook/PartyPlanner-Assignment/model/venue.go:24.40,26.3 1 0
github.com/benacook/PartyPlanner-Assignment/model/venue.go:28.53,32.3 3 0
github.com/benacook/PartyPlanner-Assignment/model/venue.go:35.16,38.3 2 0
github.com/benacook/PartyPlanner-Assignment/model/venue.go:40.31,42.3 1 0
github.com/benacook/PartyPlanner-Assignment/model/venue.go:45.15,50.3 3 0
github.com/benacook/PartyPlanner-Assignment/model/venue.go:53.15,55.3 1 0
github.com/benacook/PartyPlanner-Assignment/model/venue.go:64.38,66.15 2 0
github.com/benacook/PartyPlanner-Assignment/model/venue.go:71.2,71.15 1 0
github.com/benacook/PartyPlanner-Assignment/model/venue.go:66.15,70.3 3 0
github.com/benacook/PartyPlanner-Assignment/model/venue.go:79.46,81.16 2 0
github.com/benacook/PartyPlanner-Assignment/model/venue.go:85.2,87.15 3 0
github.com/benacook/PartyPlanner-Assignment/model/venue.go:92.2,92.12 1 0
github.com/benacook/PartyPlanner-Assignment/model/venue.go:81.16,83.3 1 0
github.com/benacook/PartyPlanner-Assignment/model/venue.go:87.15,91.3 3 0
github.com/benacook/PartyPlanner-Assignment/model/venue.go:100.53,102.16 2 0
github.com/benacook/PartyPlanner-Assignment/model/venue.go:106.2,108.15 3 0
github.com/benacook/PartyPlanner-Assignment/model/venue.go:113.2,113.12 1 0
github.com/benacook/PartyPlanner-Assignment/model/venue.go:102.16,104.3 1 0
github.com/benacook/PartyPlanner-Assignment/model/venue.go:108.15,112.3 3 0
github.com/benacook/PartyPlanner-Assignment/model/venue.go:120.27,122.15 2 0
github.com/benacook/PartyPlanner-Assignment/model/venue.go:127.2,127.12 1 0
github.com/benacook/PartyPlanner-Assignment/model/venue.go:122.15,126.3 3 0
github.com/benacook/PartyPlanner-Assignment/model/venue.go:134.39,136.16 2 0
github.com/benacook/PartyPlanner-Assignment/model/venue.go:140.2,141.16 2 0
github.com/benacook/PartyPlanner-Assignment/model/venue.go:145.2,146.31 2 0
github.com/benacook/PartyPlanner-Assignment/model/venue.go:150.2,150.32 1 0
github.com/benacook/PartyPlanner-Assignment/model/venue.go:136.16,138.3 1 0
github.com/benacook/PartyPlanner-Assignment/model/venue.go:141.16,143.3 1 0
github.com/benacook/PartyPlanner-Assignment/model/venue.go:146.31,148.3 1 0
github.com/benacook/PartyPlanner-Assignment/model/venue.go:158.47,160.16 2 0
github.com/benacook/PartyPlanner-Assignment/model/venue.go:163.2,163.41 1 0
github.com/benacook/PartyPlanner-Assignment/model/venue.go:160.16,162.3 1 0
github.com/benacook/PartyPlanner-Assignment/controller/handlers/guest-list.go:22.46,24.2 1 0
github.com/benacook/PartyPlanner-Assignment/controller/handlers/guest-list.go:32.72,34.16 2 0
github.com/benacook/PartyPlanner-Assignment/controller/handlers/guest-list.go:41.2,43.29 3 0
github.com/benacook/PartyPlanner-Assignment/controller/handlers/guest-list.go:34.16,39.3 4 0
github.com/benacook/PartyPlanner-Assignment/controller/handlers/guest-list.go:49.72,51.2 1 0
github.com/benacook/PartyPlanner-Assignment/controller/handlers/guest-list.go:61.73,66.16 4 0
github.com/benacook/PartyPlanner-Assignment/controller/handlers/guest-list.go:72.2,75.15 3 0
github.com/benacook/PartyPlanner-Assignment/controller/handlers/guest-list.go:82.2,83.33 2 0
github.com/benacook/PartyPlanner-Assignment/controller/handlers/guest-list.go:66.16,71.3 4 0
github.com/benacook/PartyPlanner-Assignment/controller/handlers/guest-list.go:75.15,80.3 4 0
github.com/benacook/PartyPlanner-Assignment/controller/handlers/guest-list.go:93.75,99.44 5 0
github.com/benacook/PartyPlanner-Assignment/controller/handlers/guest-list.go:105.2,106.34 2 0
github.com/benacook/PartyPlanner-Assignment/controller/handlers/guest-list.go:99.44,104.3 4 0
github.com/benacook/PartyPlanner-Assignment/controller/handlers/invitation.go:32.40,34.2 1 0
github.com/benacook/PartyPlanner-Assignment/controller/handlers/invitation.go:42.69,47.16 4 0
github.com/benacook/PartyPlanner-Assignment/controller/handlers/invitation.go:54.2,55.16 2 0
github.com/benacook/PartyPlanner-Assignment/controller/handlers/invitation.go:62.2,74.28 9 0
github.com/benacook/PartyPlanner-Assignment/controller/handlers/invitation.go:47.16,52.3 4 0
github.com/benacook/PartyPlanner-Assignment/controller/handlers/invitation.go:55.16,60.3 4 0
github.com/benacook/PartyPlanner-Assignment/controller/handlers/venue.go:21.38,23.2 1 0
github.com/benacook/PartyPlanner-Assignment/controller/handlers/venue.go:30.68,32.16 2 0
github.com/benacook/PartyPlanner-Assignment/controller/handlers/venue.go:38.2,39.28 2 0
github.com/benacook/PartyPlanner-Assignment/controller/handlers/venue.go:32.16,37.3 4 0
github.com/benacook/PartyPlanner-Assignment/controller/handlers/venue.go:47.73,49.16 2 0
github.com/benacook/PartyPlanner-Assignment/controller/handlers/venue.go:55.2,57.29 3 0
github.com/benacook/PartyPlanner-Assignment/controller/handlers/venue.go:49.16,54.3 4 0
github.com/benacook/PartyPlanner-Assignment/controller/handlers/venue.go:66.81,68.16 2 0
github.com/benacook/PartyPlanner-Assignment/controller/handlers/venue.go:74.2,76.29 3 0
github.com/benacook/PartyPlanner-Assignment/controller/handlers/venue.go:68.16,73.3 4 0
github.com/benacook/PartyPlanner-Assignment/controller/handlers/venue.go:82.68,84.2 1 0
github.com/benacook/PartyPlanner-Assignment/controller/handlers/venue.go:94.69,96.16 2 0
github.com/benacook/PartyPlanner-Assignment/controller/handlers/venue.go:103.2,104.16 2 0
github.com/benacook/PartyPlanner-Assignment/controller/handlers/venue.go:110.2,111.35 2 0
github.com/benacook/PartyPlanner-Assignment/controller/handlers/venue.go:96.16,101.3 4 0
github.com/benacook/PartyPlanner-Assignment/controller/handlers/venue.go:104.16,109.3 4 0
github.com/benacook/PartyPlanner-Assignment/controller/handlers/venue.go:121.71,122.44 1 0
github.com/benacook/PartyPlanner-Assignment/controller/handlers/venue.go:128.2,128.30 1 0
github.com/benacook/PartyPlanner-Assignment/controller/handlers/venue.go:122.44,126.3 3 0
github.com/benacook/PartyPlanner-Assignment/controller/handlers/guests.go:22.38,24.2 1 0
github.com/benacook/PartyPlanner-Assignment/controller/handlers/guests.go:32.68,34.16 2 0
github.com/benacook/PartyPlanner-Assignment/controller/handlers/guests.go:39.2,41.28 3 0
github.com/benacook/PartyPlanner-Assignment/controller/handlers/guests.go:34.16,38.3 3 0
github.com/benacook/PartyPlanner-Assignment/controller/handlers/guests.go:52.68,57.16 4 0
github.com/benacook/PartyPlanner-Assignment/controller/handlers/guests.go:62.2,65.15 3 0
github.com/benacook/PartyPlanner-Assignment/controller/handlers/guests.go:71.2,72.28 2 0
github.com/benacook/PartyPlanner-Assignment/controller/handlers/guests.go:57.16,61.3 3 0
github.com/benacook/PartyPlanner-Assignment/controller/handlers/guests.go:65.15,70.3 4 0
github.com/benacook/PartyPlanner-Assignment/controller/handlers/guests.go:78.69,80.2 1 0
github.com/benacook/PartyPlanner-Assignment/controller/handlers/guests.go:88.71,94.44 5 0
github.com/benacook/PartyPlanner-Assignment/controller/handlers/guests.go:100.2,101.41 2 0
github.com/benacook/PartyPlanner-Assignment/controller/handlers/guests.go:94.44,99.3 4 0
github.com/benacook/PartyPlanner-Assignment/controller/front.go:12.24,15.2 2 0
github.com/benacook/PartyPlanner-Assignment/controller/front.go:20.30,52.2 24 0
github.com/benacook/PartyPlanner-Assignment/model/database/database-mocking.go:45.23,47.16 2 1
github.com/benacook/PartyPlanner-Assignment/model/database/database-mocking.go:50.2,52.15 3 1
github.com/benacook/PartyPlanner-Assignment/model/database/database-mocking.go:47.16,49.3 1 0
github.com/benacook/PartyPlanner-Assignment/model/database/database-mocking.go:58.36,64.2 2 1
github.com/benacook/PartyPlanner-Assignment/model/database/database-mocking.go:69.42,75.2 2 1
github.com/benacook/PartyPlanner-Assignment/model/database/database-mocking.go:82.45,88.2 2 0
github.com/benacook/PartyPlanner-Assignment/model/database/database-mocking.go:93.43,99.2 2 1
github.com/benacook/PartyPlanner-Assignment/model/database/database-mocking.go:104.36,110.2 2 1
github.com/benacook/PartyPlanner-Assignment/model/database/database-mocking.go:115.45,121.2 2 0
github.com/benacook/PartyPlanner-Assignment/model/database/database-mocking.go:124.50,129.2 3 1
github.com/benacook/PartyPlanner-Assignment/model/database/database-mocking.go:132.57,137.2 3 1
github.com/benacook/PartyPlanner-Assignment/model/database/database-mocking.go:140.58,144.2 2 1
github.com/benacook/PartyPlanner-Assignment/model/database/database-mocking.go:147.43,151.2 3 1
github.com/benacook/PartyPlanner-Assignment/model/database/database-mocking.go:154.53,158.2 3 0
github.com/benacook/PartyPlanner-Assignment/model/database/database-mocking.go:161.51,164.2 2 1
github.com/benacook/PartyPlanner-Assignment/model/database/database-mocking.go:167.60,172.2 3 1
github.com/benacook/PartyPlanner-Assignment/model/database/database-mocking.go:175.70,180.2 3 0
github.com/benacook/PartyPlanner-Assignment/model/database/database-mocking.go:183.69,186.2 2 1
github.com/benacook/PartyPlanner-Assignment/model/database/database-mocking.go:189.47,194.2 2 1
github.com/benacook/PartyPlanner-Assignment/model/database/database-mocking.go:197.55,202.2 2 1
github.com/benacook/PartyPlanner-Assignment/model/database/database-mocking.go:205.44,210.2 2 1
github.com/benacook/PartyPlanner-Assignment/model/database/database-mocking.go:213.52,218.2 2 1
github.com/benacook/PartyPlanner-Assignment/model/database/database-mocking.go:221.51,225.2 3 1
github.com/benacook/PartyPlanner-Assignment/model/database/database-mocking.go:228.60,232.2 2 1
github.com/benacook/PartyPlanner-Assignment/model/database/database-mocking.go:235.43,241.2 2 1
github.com/benacook/PartyPlanner-Assignment/model/database/database-mocking.go:244.49,251.2 2 1
github.com/benacook/PartyPlanner-Assignment/model/database/database-mocking.go:254.65,259.2 2 1
github.com/benacook/PartyPlanner-Assignment/model/database/database-mocking.go:262.71,268.2 2 1
github.com/benacook/PartyPlanner-Assignment/model/database/database-mocking.go:271.46,275.2 2 1
github.com/benacook/PartyPlanner-Assignment/model/database/database-mocking.go:278.51,283.2 2 1
github.com/benacook/PartyPlanner-Assignment/model/database/database-mocking.go:286.47,290.2 3 1
github.com/benacook/PartyPlanner-Assignment/model/database/database-mocking.go:293.56,297.2 2 1
github.com/benacook/PartyPlanner-Assignment/model/database/database-mocking.go:300.43,306.2 2 1
github.com/benacook/PartyPlanner-Assignment/model/database/database-mocking.go:309.82,315.2 2 1
github.com/benacook/PartyPlanner-Assignment/model/database/database-mocking.go:318.51,324.2 2 1
github.com/benacook/PartyPlanner-Assignment/model/database/database-mocking.go:327.46,332.2 2 1
github.com/benacook/PartyPlanner-Assignment/model/database/database-mocking.go:335.54,340.2 2 1
github.com/benacook/PartyPlanner-Assignment/controller/handlers/guests.go:22.38,24.2 1 0
github.com/benacook/PartyPlanner-Assignment/controller/handlers/guests.go:32.68,34.16 2 0
github.com/benacook/PartyPlanner-Assignment/controller/handlers/guests.go:39.2,41.28 3 0
github.com/benacook/PartyPlanner-Assignment/controller/handlers/guests.go:34.16,38.3 3 0
github.com/benacook/PartyPlanner-Assignment/controller/handlers/guests.go:52.68,57.16 4 0
github.com/benacook/PartyPlanner-Assignment/controller/handlers/guests.go:62.2,65.15 3 0
github.com/benacook/PartyPlanner-Assignment/controller/handlers/guests.go:71.2,72.28 2 0
github.com/benacook/PartyPlanner-Assignment/controller/handlers/guests.go:57.16,61.3 3 0
github.com/benacook/PartyPlanner-Assignment/controller/handlers/guests.go:65.15,70.3 4 0
github.com/benacook/PartyPlanner-Assignment/controller/handlers/guests.go:78.69,80.2 1 0
github.com/benacook/PartyPlanner-Assignment/controller/handlers/guests.go:88.71,94.44 5 0
github.com/benacook/PartyPlanner-Assignment/controller/handlers/guests.go:100.2,101.41 2 0
github.com/benacook/PartyPlanner-Assignment/controller/handlers/guests.go:94.44,99.3 4 0
github.com/benacook/PartyPlanner-Assignment/controller/handlers/venue.go:21.38,23.2 1 0
github.com/benacook/PartyPlanner-Assignment/controller/handlers/venue.go:30.68,32.16 2 0
github.com/benacook/PartyPlanner-Assignment/controller/handlers/venue.go:38.2,39.28 2 0
github.com/benacook/PartyPlanner-Assignment/controller/handlers/venue.go:32.16,37.3 4 0
github.com/benacook/PartyPlanner-Assignment/controller/handlers/venue.go:47.73,49.16 2 0
github.com/benacook/PartyPlanner-Assignment/controller/handlers/venue.go:55.2,57.29 3 0
github.com/benacook/PartyPlanner-Assignment/controller/handlers/venue.go:49.16,54.3 4 0
github.com/benacook/PartyPlanner-Assignment/controller/handlers/venue.go:66.81,68.16 2 0
github.com/benacook/PartyPlanner-Assignment/controller/handlers/venue.go:74.2,76.29 3 0
github.com/benacook/PartyPlanner-Assignment/controller/handlers/venue.go:68.16,73.3 4 0
github.com/benacook/PartyPlanner-Assignment/controller/handlers/venue.go:82.68,84.2 1 0
github.com/benacook/PartyPlanner-Assignment/controller/handlers/venue.go:94.69,96.16 2 0
github.com/benacook/PartyPlanner-Assignment/controller/handlers/venue.go:103.2,104.16 2 0
github.com/benacook/PartyPlanner-Assignment/controller/handlers/venue.go:110.2,111.35 2 0
github.com/benacook/PartyPlanner-Assignment/controller/handlers/venue.go:96.16,101.3 4 0
github.com/benacook/PartyPlanner-Assignment/controller/handlers/venue.go:104.16,109.3 4 0
github.com/benacook/PartyPlanner-Assignment/controller/handlers/venue.go:121.71,122.44 1 0
github.com/benacook/PartyPlanner-Assignment/controller/handlers/venue.go:128.2,128.30 1 0
github.com/benacook/PartyPlanner-Assignment/controller/handlers/venue.go:122.44,126.3 3 0
github.com/benacook/PartyPlanner-Assignment/model/guests.go:16.64,18.16 2 1
github.com/benacook/PartyPlanner-Assignment/model/guests.go:24.2,25.31 2 1
github.com/benacook/PartyPlanner-Assignment/model/guests.go:29.2,29.45 1 1
github.com/benacook/PartyPlanner-Assignment/model/guests.go:18.16,22.3 3 1
github.com/benacook/PartyPlanner-Assignment/model/guests.go:25.31,27.3 1 1
github.com/benacook/PartyPlanner-Assignment/model/guests.go:38.64,39.45 1 1
github.com/benacook/PartyPlanner-Assignment/model/guests.go:49.2,49.65 1 1
github.com/benacook/PartyPlanner-Assignment/model/guests.go:39.45,41.17 2 1
github.com/benacook/PartyPlanner-Assignment/model/guests.go:45.3,45.28 1 1
github.com/benacook/PartyPlanner-Assignment/model/guests.go:41.17,43.4 1 1
github.com/benacook/PartyPlanner-Assignment/model/guests.go:45.28,47.4 1 1
github.com/benacook/PartyPlanner-Assignment/model/guests.go:64.53,67.16 2 1
github.com/benacook/PartyPlanner-Assignment/model/guests.go:74.2,74.33 1 1
github.com/benacook/PartyPlanner-Assignment/model/guests.go:78.2,79.16 2 1
github.com/benacook/PartyPlanner-Assignment/model/guests.go:83.2,83.45 1 1
github.com/benacook/PartyPlanner-Assignment/model/guests.go:91.2,92.16 2 1
github.com/benacook/PartyPlanner-Assignment/model/guests.go:98.2,102.15 3 1
github.com/benacook/PartyPlanner-Assignment/model/guests.go:67.16,71.3 3 1
github.com/benacook/PartyPlanner-Assignment/model/guests.go:74.33,76.3 1 1
github.com/benacook/PartyPlanner-Assignment/model/guests.go:79.16,81.3 1 1
github.com/benacook/PartyPlanner-Assignment/model/guests.go:83.45,85.17 2 1
github.com/benacook/PartyPlanner-Assignment/model/guests.go:85.17,88.4 2 1
github.com/benacook/PartyPlanner-Assignment/model/guests.go:92.16,96.3 3 1
github.com/benacook/PartyPlanner-Assignment/model/guests.go:110.48,112.15 2 1
github.com/benacook/PartyPlanner-Assignment/model/guests.go:117.2,117.15 1 1
github.com/benacook/PartyPlanner-Assignment/model/guests.go:112.15,116.3 3 1
github.com/benacook/PartyPlanner-Assignment/model/guests.go:124.42,126.16 2 1
github.com/benacook/PartyPlanner-Assignment/model/guests.go:131.2,131.20 1 1
github.com/benacook/PartyPlanner-Assignment/model/guests.go:126.16,130.3 3 1
github.com/benacook/PartyPlanner-Assignment/model/guests.go:138.46,140.16 2 1
github.com/benacook/PartyPlanner-Assignment/model/guests.go:145.2,145.20 1 1
github.com/benacook/PartyPlanner-Assignment/model/guests.go:140.16,144.3 3 1
github.com/benacook/PartyPlanner-Assignment/model/guests.go:153.42,155.16 2 1
github.com/benacook/PartyPlanner-Assignment/model/guests.go:159.2,160.16 2 1
github.com/benacook/PartyPlanner-Assignment/model/guests.go:165.2,167.12 2 1
github.com/benacook/PartyPlanner-Assignment/model/guests.go:155.16,158.3 2 1
github.com/benacook/PartyPlanner-Assignment/model/guests.go:160.16,164.3 3 1
github.com/benacook/PartyPlanner-Assignment/model/guests.go:180.57,182.16 2 1
github.com/benacook/PartyPlanner-Assignment/model/guests.go:186.2,187.16 2 1
github.com/benacook/PartyPlanner-Assignment/model/guests.go:191.2,195.24 3 1
github.com/benacook/PartyPlanner-Assignment/model/guests.go:200.2,200.59 1 1
github.com/benacook/PartyPlanner-Assignment/model/guests.go:204.2,205.16 2 1
github.com/benacook/PartyPlanner-Assignment/model/guests.go:211.2,212.16 2 1
github.com/benacook/PartyPlanner-Assignment/model/guests.go:215.2,215.15 1 1
github.com/benacook/PartyPlanner-Assignment/model/guests.go:182.16,184.3 1 1
github.com/benacook/PartyPlanner-Assignment/model/guests.go:187.16,189.3 1 1
github.com/benacook/PartyPlanner-Assignment/model/guests.go:195.24,198.3 1 1
github.com/benacook/PartyPlanner-Assignment/model/guests.go:200.59,202.3 1 1
github.com/benacook/PartyPlanner-Assignment/model/guests.go:205.16,209.3 3 1
github.com/benacook/PartyPlanner-Assignment/model/guests.go:212.16,214.3 1 1
github.com/benacook/PartyPlanner-Assignment/model/guests.go:222.42,224.16 2 1
github.com/benacook/PartyPlanner-Assignment/model/guests.go:229.2,230.16 2 1
github.com/benacook/PartyPlanner-Assignment/model/guests.go:235.2,235.12 1 1
github.com/benacook/PartyPlanner-Assignment/model/guests.go:224.16,228.3 3 1
github.com/benacook/PartyPlanner-Assignment/model/guests.go:230.16,234.3 3 1
github.com/benacook/PartyPlanner-Assignment/model/venue.go:20.54,24.40 1 1
github.com/benacook/PartyPlanner-Assignment/model/venue.go:28.2,28.53 1 1
github.com/benacook/PartyPlanner-Assignment/model/venue.go:34.2,35.16 2 1
github.com/benacook/PartyPlanner-Assignment/model/venue.go:40.2,40.31 1 1
github.com/benacook/PartyPlanner-Assignment/model/venue.go:44.2,45.15 2 1
github.com/benacook/PartyPlanner-Assignment/model/venue.go:52.2,53.15 2 1
github.com/benacook/PartyPlanner-Assignment/model/venue.go:56.2,56.15 1 1
github.com/benacook/PartyPlanner-Assignment/model/venue.go:24.40,26.3 1 1
github.com/benacook/PartyPlanner-Assignment/model/venue.go:28.53,32.3 3 1
github.com/benacook/PartyPlanner-Assignment/model/venue.go:35.16,38.3 2 1
github.com/benacook/PartyPlanner-Assignment/model/venue.go:40.31,42.3 1 1
github.com/benacook/PartyPlanner-Assignment/model/venue.go:45.15,50.3 3 1
github.com/benacook/PartyPlanner-Assignment/model/venue.go:53.15,55.3 1 1
github.com/benacook/PartyPlanner-Assignment/model/venue.go:64.38,66.15 2 1
github.com/benacook/PartyPlanner-Assignment/model/venue.go:71.2,71.15 1 1
github.com/benacook/PartyPlanner-Assignment/model/venue.go:66.15,70.3 3 1
github.com/benacook/PartyPlanner-Assignment/model/venue.go:79.46,81.16 2 1
github.com/benacook/PartyPlanner-Assignment/model/venue.go:85.2,87.15 3 1
github.com/benacook/PartyPlanner-Assignment/model/venue.go:92.2,92.12 1 1
github.com/benacook/PartyPlanner-Assignment/model/venue.go:81.16,83.3 1 1
github.com/benacook/PartyPlanner-Assignment/model/venue.go:87.15,91.3 3 1
github.com/benacook/PartyPlanner-Assignment/model/venue.go:100.53,102.16 2 1
github.com/benacook/PartyPlanner-Assignment/model/venue.go:106.2,108.15 3 1
github.com/benacook/PartyPlanner-Assignment/model/venue.go:113.2,113.12 1 1
github.com/benacook/PartyPlanner-Assignment/model/venue.go:102.16,104.3 1 1
github.com/benacook/PartyPlanner-Assignment/model/venue.go:108.15,112.3 3 1
github.com/benacook/PartyPlanner-Assignment/model/venue.go:120.27,122.15 2 1
github.com/benacook/PartyPlanner-Assignment/model/venue.go:127.2,127.12 1 1
github.com/benacook/PartyPlanner-Assignment/model/venue.go:122.15,126.3 3 1
github.com/benacook/PartyPlanner-Assignment/model/venue.go:134.39,136.16 2 1
github.com/benacook/PartyPlanner-Assignment/model/venue.go:140.2,141.16 2 1
github.com/benacook/PartyPlanner-Assignment/model/venue.go:145.2,146.31 2 1
github.com/benacook/PartyPlanner-Assignment/model/venue.go:150.2,150.32 1 1
github.com/benacook/PartyPlanner-Assignment/model/venue.go:136.16,138.3 1 1
github.com/benacook/PartyPlanner-Assignment/model/venue.go:141.16,143.3 1 1
github.com/benacook/PartyPlanner-Assignment/model/venue.go:146.31,148.3 1 1
github.com/benacook/PartyPlanner-Assignment/model/venue.go:158.47,160.16 2 1
github.com/benacook/PartyPlanner-Assignment/model/venue.go:163.2,163.41 1 1
github.com/benacook/PartyPlanner-Assignment/model/venue.go:160.16,162.3 1 1
github.com/benacook/PartyPlanner-Assignment/model/database/database-mocking.go:45.23,47.16 2 1
github.com/benacook/PartyPlanner-Assignment/model/database/database-mocking.go:50.2,52.15 3 1
github.com/benacook/PartyPlanner-Assignment/model/database/database-mocking.go:47.16,49.3 1 0
github.com/benacook/PartyPlanner-Assignment/model/database/database-mocking.go:58.36,64.2 2 1
github.com/benacook/PartyPlanner-Assignment/model/database/database-mocking.go:69.42,75.2 2 0
github.com/benacook/PartyPlanner-Assignment/model/database/database-mocking.go:82.45,88.2 2 1
github.com/benacook/PartyPlanner-Assignment/model/database/database-mocking.go:93.43,99.2 2 1
github.com/benacook/PartyPlanner-Assignment/model/database/database-mocking.go:104.36,110.2 2 1
github.com/benacook/PartyPlanner-Assignment/model/database/database-mocking.go:115.45,121.2 2 1
github.com/benacook/PartyPlanner-Assignment/model/database/database-mocking.go:124.50,129.2 3 1
github.com/benacook/PartyPlanner-Assignment/model/database/database-mocking.go:132.57,137.2 3 0
github.com/benacook/PartyPlanner-Assignment/model/database/database-mocking.go:140.58,144.2 2 1
github.com/benacook/PartyPlanner-Assignment/model/database/database-mocking.go:147.43,151.2 3 1
github.com/benacook/PartyPlanner-Assignment/model/database/database-mocking.go:154.53,158.2 3 1
github.com/benacook/PartyPlanner-Assignment/model/database/database-mocking.go:161.51,164.2 2 1
github.com/benacook/PartyPlanner-Assignment/model/database/database-mocking.go:167.60,172.2 3 1
github.com/benacook/PartyPlanner-Assignment/model/database/database-mocking.go:175.70,180.2 3 1
github.com/benacook/PartyPlanner-Assignment/model/database/database-mocking.go:183.69,186.2 2 1
github.com/benacook/PartyPlanner-Assignment/model/database/database-mocking.go:189.47,194.2 2 1
github.com/benacook/PartyPlanner-Assignment/model/database/database-mocking.go:197.55,202.2 2 1
github.com/benacook/PartyPlanner-Assignment/model/database/database-mocking.go:205.44,210.2 2 1
github.com/benacook/PartyPlanner-Assignment/model/database/database-mocking.go:213.52,218.2 2 1
github.com/benacook/PartyPlanner-Assignment/model/database/database-mocking.go:221.51,225.2 3 1
github.com/benacook/PartyPlanner-Assignment/model/database/database-mocking.go:228.60,232.2 2 1
github.com/benacook/PartyPlanner-Assignment/model/database/database-mocking.go:235.43,241.2 2 1
github.com/benacook/PartyPlanner-Assignment/model/database/database-mocking.go:244.49,251.2 2 1
github.com/benacook/PartyPlanner-Assignment/model/database/database-mocking.go:254.65,259.2 2 1
github.com/benacook/PartyPlanner-Assignment/model/database/database-mocking.go:262.71,268.2 2 1
github.com/benacook/PartyPlanner-Assignment/model/database/database-mocking.go:271.46,275.2 2 1
github.com/benacook/PartyPlanner-Assignment/model/database/database-mocking.go:278.51,283.2 2 1
github.com/benacook/PartyPlanner-Assignment/model/database/database-mocking.go:286.47,290.2 3 1
github.com/benacook/PartyPlanner-Assignment/model/database/database-mocking.go:293.56,297.2 2 1
github.com/benacook/PartyPlanner-Assignment/model/database/database-mocking.go:300.43,306.2 2 1
github.com/benacook/PartyPlanner-Assignment/model/database/database-mocking.go:309.82,315.2 2 0
github.com/benacook/PartyPlanner-Assignment/model/database/database-mocking.go:318.51,324.2 2 1
github.com/benacook/PartyPlanner-Assignment/model/database/database-mocking.go:327.46,332.2 2 1
github.com/benacook/PartyPlanner-Assignment/model/database/database-mocking.go:335.54,340.2 2 1
github.com/benacook/PartyPlanner-Assignment/model/database/guestSprocs.go:14.44,17.16 2 1
github.com/benacook/PartyPlanner-Assignment/model/database/guestSprocs.go:21.2,21.12 1 1
github.com/benacook/PartyPlanner-Assignment/model/database/guestSprocs.go:17.16,20.3 2 1
github.com/benacook/PartyPlanner-Assignment/model/database/guestSprocs.go:30.59,32.16 2 1
github.com/benacook/PartyPlanner-Assignment/model/database/guestSprocs.go:36.2,44.18 5 1
github.com/benacook/PartyPlanner-Assignment/model/database/guestSprocs.go:48.2,48.15 1 1
github.com/benacook/PartyPlanner-Assignment/model/database/guestSprocs.go:32.16,35.3 2 1
github.com/benacook/PartyPlanner-Assignment/model/database/guestSprocs.go:44.18,46.3 1 0
github.com/benacook/PartyPlanner-Assignment/model/database/guestSprocs.go:57.48,59.16 2 1
github.com/benacook/PartyPlanner-Assignment/model/database/guestSprocs.go:63.2,66.17 3 1
github.com/benacook/PartyPlanner-Assignment/model/database/guestSprocs.go:72.2,72.20 1 1
github.com/benacook/PartyPlanner-Assignment/model/database/guestSprocs.go:59.16,62.3 2 1
github.com/benacook/PartyPlanner-Assignment/model/database/guestSprocs.go:66.17,71.3 3 1
github.com/benacook/PartyPlanner-Assignment/model/database/guestSprocs.go:81.52,83.16 2 1
github.com/benacook/PartyPlanner-Assignment/model/database/guestSprocs.go:87.2,90.17 3 1
github.com/benacook/PartyPlanner-Assignment/model/database/guestSprocs.go:96.2,96.20 1 1
github.com/benacook/PartyPlanner-Assignment/model/database/guestSprocs.go:83.16,86.3 2 1
github.com/benacook/PartyPlanner-Assignment/model/database/guestSprocs.go:90.17,95.3 3 1
github.com/benacook/PartyPlanner-Assignment/model/database/guestSprocs.go:105.42,107.16 2 1
github.com/benacook/PartyPlanner-Assignment/model/database/guestSprocs.go:112.2,112.12 1 1
github.com/benacook/PartyPlanner-Assignment/model/database/guestSprocs.go:107.16,110.3 2 1
github.com/benacook/PartyPlanner-Assignment/model/database/guestSprocs.go:120.55,122.16 2 1
github.com/benacook/PartyPlanner-Assignment/model/database/guestSprocs.go:126.2,126.12 1 1
github.com/benacook/PartyPlanner-Assignment/model/database/guestSprocs.go:122.16,125.3 2 1
github.com/benacook/PartyPlanner-Assignment/model/database/guestSprocs.go:134.40,136.16 2 1
github.com/benacook/PartyPlanner-Assignment/model/database/guestSprocs.go:141.2,141.12 1 1
github.com/benacook/PartyPlanner-Assignment/model/database/guestSprocs.go:136.16,139.3 2 1
github.com/benacook/PartyPlanner-Assignment/model/database/guestSprocs.go:151.61,153.16 2 1
github.com/benacook/PartyPlanner-Assignment/model/database/guestSprocs.go:157.2,160.17 3 1
github.com/benacook/PartyPlanner-Assignment/model/database/guestSprocs.go:166.2,166.20 1 1
github.com/benacook/PartyPlanner-Assignment/model/database/guestSprocs.go:153.16,156.3 2 1
github.com/benacook/PartyPlanner-Assignment/model/database/guestSprocs.go:160.17,165.3 3 1
github.com/benacook/PartyPlanner-Assignment/controller/handlers/guest-list.go:22.46,24.2 1 0
github.com/benacook/PartyPlanner-Assignment/controller/handlers/guest-list.go:32.72,34.16 2 0
github.com/benacook/PartyPlanner-Assignment/controller/handlers/guest-list.go:41.2,43.29 3 0
github.com/benacook/PartyPlanner-Assignment/controller/handlers/guest-list.go:34.16,39.3 4 0
github.com/benacook/PartyPlanner-Assignment/controller/handlers/guest-list.go:49.72,51.2 1 0
github.com/benacook/PartyPlanner-Assignment/controller/handlers/guest-list.go:61.73,66.16 4 0
github.com/benacook/PartyPlanner-Assignment/controller/handlers/guest-list.go:72.2,75.15 3 0
github.com/benacook/PartyPlanner-Assignment/controller/handlers/guest-list.go:82.2,83.33 2 0
github.com/benacook/PartyPlanner-Assignment/controller/handlers/guest-list.go:66.16,71.3 4 0
github.com/benacook/PartyPlanner-Assignment/controller/handlers/guest-list.go:75.15,80.3 4 0
github.com/benacook/PartyPlanner-Assignment/controller/handlers/guest-list.go:93.75,99.44 5 0
github.com/benacook/PartyPlanner-Assignment/controller/handlers/guest-list.go:105.2,106.34 2 0
github.com/benacook/PartyPlanner-Assignment/controller/handlers/guest-list.go:99.44,104.3 4 0
github.com/benacook/PartyPlanner-Assignment/controller/front.go:12.24,15.2 2 0
github.com/benacook/PartyPlanner-Assignment/controller/front.go:20.30,52.2 24 0
github.com/benacook/PartyPlanner-Assignment/model/database/database.go:30.19,33.16 3 0
github.com/benacook/PartyPlanner-Assignment/model/database/database.go:37.2,37.12 1 0
github.com/benacook/PartyPlanner-Assignment/model/database/database.go:33.16,36.3 2 0
github.com/benacook/PartyPlanner-Assignment/model/database/database.go:45.70,48.16 3 0
github.com/benacook/PartyPlanner-Assignment/model/database/database.go:53.2,54.16 2 0
github.com/benacook/PartyPlanner-Assignment/model/database/database.go:59.2,59.26 1 0
github.com/benacook/PartyPlanner-Assignment/model/database/database.go:48.16,51.3 2 0
github.com/benacook/PartyPlanner-Assignment/model/database/database.go:54.16,57.3 2 0
github.com/benacook/PartyPlanner-Assignment/model/database/database.go:65.29,67.2 1 0
github.com/benacook/PartyPlanner-Assignment/model/database/database.go:72.81,74.15 2 1
github.com/benacook/PartyPlanner-Assignment/model/database/database.go:78.2,78.15 1 1
github.com/benacook/PartyPlanner-Assignment/model/database/database.go:74.15,77.3 2 1
github.com/benacook/PartyPlanner-Assignment/model/database/database.go:84.81,86.15 2 1
github.com/benacook/PartyPlanner-Assignment/model/database/database.go:90.2,90.18 1 1
github.com/benacook/PartyPlanner-Assignment/model/database/database.go:86.15,89.3 2 1
github.com/benacook/PartyPlanner-Assignment/main.go:10.13,11.39 1 0
github.com/benacook/PartyPlanner-Assignment/main.go:14.2,19.47 4 0
github.com/benacook/PartyPlanner-Assignment/main.go:11.39,13.3 1 0
github.com/benacook/PartyPlanner-Assignment/main.go:19.47,22.3 2 0
github.com/benacook/PartyPlanner-Assignment/model/database/venueSprocs.go:16.43,22.51 2 1
github.com/benacook/PartyPlanner-Assignment/model/database/venueSprocs.go:28.2,30.16 2 1
github.com/benacook/PartyPlanner-Assignment/model/database/venueSprocs.go:34.2,34.12 1 1
github.com/benacook/PartyPlanner-Assignment/model/database/venueSprocs.go:22.51,25.3 2 0
github.com/benacook/PartyPlanner-Assignment/model/database/venueSprocs.go:30.16,33.3 2 1
github.com/benacook/PartyPlanner-Assignment/model/database/venueSprocs.go:43.41,45.16 2 1
github.com/benacook/PartyPlanner-Assignment/model/database/venueSprocs.go:49.2,56.31 4 1
github.com/benacook/PartyPlanner-Assignment/model/database/venueSprocs.go:60.2,60.15 1 1
github.com/benacook/PartyPlanner-Assignment/model/database/venueSprocs.go:45.16,48.3 2 1
github.com/benacook/PartyPlanner-Assignment/model/database/venueSprocs.go:56.31,58.3 1 0
github.com/benacook/PartyPlanner-Assignment/model/database/venueSprocs.go:68.31,70.16 2 1
github.com/benacook/PartyPlanner-Assignment/model/database/venueSprocs.go:74.2,74.12 1 1
github.com/benacook/PartyPlanner-Assignment/model/database/venueSprocs.go:70.16,73.3 2 1
github.com/benacook/PartyPlanner-Assignment/model/database/venueSprocs.go:82.82,85.16 2 1
github.com/benacook/PartyPlanner-Assignment/model/database/venueSprocs.go:89.2,89.12 1 1
github.com/benacook/PartyPlanner-Assignment/model/database/venueSprocs.go:85.16,88.3 2 1
github.com/benacook/PartyPlanner-Assignment/controller/handlers/invitation.go:32.40,34.2 1 0
github.com/benacook/PartyPlanner-Assignment/controller/handlers/invitation.go:42.69,47.16 4 0
github.com/benacook/PartyPlanner-Assignment/controller/handlers/invitation.go:54.2,55.16 2 0
github.com/benacook/PartyPlanner-Assignment/controller/handlers/invitation.go:62.2,74.28 9 0
github.com/benacook/PartyPlanner-Assignment/controller/handlers/invitation.go:47.16,52.3 4 0
github.com/benacook/PartyPlanner-Assignment/controller/handlers/invitation.go:55.16,60.3 4 0
github.com/benacook/PartyPlanner-Assignment/controller/handlers/parseJson.go:14.58,17.2 2 0
github.com/benacook/PartyPlanner-Assignment/controller/handlers/parseJson.go:24.61,28.16 4 0
github.com/benacook/PartyPlanner-Assignment/controller/handlers/parseJson.go:31.2,31.15 1 0
github.com/benacook/PartyPlanner-Assignment/controller/handlers/parseJson.go:28.16,30.3 1 0
github.com/benacook/PartyPlanner-Assignment/controller/handlers/parseJson.go:39.61,43.16 4 0
github.com/benacook/PartyPlanner-Assignment/controller/handlers/parseJson.go:46.2,46.15 1 0
github.com/benacook/PartyPlanner-Assignment/controller/handlers/parseJson.go:43.16,45.3 1 0
github.com/benacook/PartyPlanner-Assignment/model/database/database.go:30.19,33.16 3 0
github.com/benacook/PartyPlanner-Assignment/model/database/database.go:37.2,37.12 1 0
github.com/benacook/PartyPlanner-Assignment/model/database/database.go:33.16,36.3 2 0
github.com/benacook/PartyPlanner-Assignment/model/database/database.go:45.70,48.16 3 0
github.com/benacook/PartyPlanner-Assignment/model/database/database.go:53.2,54.16 2 0
github.com/benacook/PartyPlanner-Assignment/model/database/database.go:59.2,59.26 1 0
github.com/benacook/PartyPlanner-Assignment/model/database/database.go:48.16,51.3 2 0
github.com/benacook/PartyPlanner-Assignment/model/database/database.go:54.16,57.3 2 0
github.com/benacook/PartyPlanner-Assignment/model/database/database.go:65.29,67.2 1 0
github.com/benacook/PartyPlanner-Assignment/model/database/database.go:72.81,74.15 2 0
github.com/benacook/PartyPlanner-Assignment/model/database/database.go:78.2,78.15 1 0
github.com/benacook/PartyPlanner-Assignment/model/database/database.go:74.15,77.3 2 0
github.com/benacook/PartyPlanner-Assignment/model/database/database.go:84.81,86.15 2 0
github.com/benacook/PartyPlanner-Assignment/model/database/database.go:90.2,90.18 1 0
github.com/benacook/PartyPlanner-Assignment/model/database/database.go:86.15,89.3 2 0
github.com/benacook/PartyPlanner-Assignment/model/guests.go:16.64,18.16 2 0
github.com/benacook/PartyPlanner-Assignment/model/guests.go:24.2,25.31 2 0
github.com/benacook/PartyPlanner-Assignment/model/guests.go:29.2,29.45 1 0
github.com/benacook/PartyPlanner-Assignment/model/guests.go:18.16,22.3 3 0
github.com/benacook/PartyPlanner-Assignment/model/guests.go:25.31,27.3 1 0
github.com/benacook/PartyPlanner-Assignment/model/guests.go:38.64,39.45 1 0
github.com/benacook/PartyPlanner-Assignment/model/guests.go:49.2,49.65 1 0
github.com/benacook/PartyPlanner-Assignment/model/guests.go:39.45,41.17 2 0
github.com/benacook/PartyPlanner-Assignment/model/guests.go:45.3,45.28 1 0
github.com/benacook/PartyPlanner-Assignment/model/guests.go:41.17,43.4 1 0
github.com/benacook/PartyPlanner-Assignment/model/guests.go:45.28,47.4 1 0
github.com/benacook/PartyPlanner-Assignment/model/guests.go:64.53,67.16 2 0
github.com/benacook/PartyPlanner-Assignment/model/guests.go:74.2,74.33 1 0
github.com/benacook/PartyPlanner-Assignment/model/guests.go:78.2,79.16 2 0
github.com/benacook/PartyPlanner-Assignment/model/guests.go:83.2,83.45 1 0
github.com/benacook/PartyPlanner-Assignment/model/guests.go:91.2,92.16 2 0
github.com/benacook/PartyPlanner-Assignment/model/guests.go:98.2,102.15 3 0
github.com/benacook/PartyPlanner-Assignment/model/guests.go:67.16,71.3 3 0
github.com/benacook/PartyPlanner-Assignment/model/guests.go:74.33,76.3 1 0
github.com/benacook/PartyPlanner-Assignment/model/guests.go:79.16,81.3 1 0
github.com/benacook/PartyPlanner-Assignment/model/guests.go:83.45,85.17 2 0
github.com/benacook/PartyPlanner-Assignment/model/guests.go:85.17,88.4 2 0
github.com/benacook/PartyPlanner-Assignment/model/guests.go:92.16,96.3 3 0
github.com/benacook/PartyPlanner-Assignment/model/guests.go:110.48,112.15 2 0
github.com/benacook/PartyPlanner-Assignment/model/guests.go:117.2,117.15 1 0
github.com/benacook/PartyPlanner-Assignment/model/guests.go:112.15,116.3 3 0
github.com/benacook/PartyPlanner-Assignment/model/guests.go:124.42,126.16 2 0
github.com/benacook/PartyPlanner-Assignment/model/guests.go:131.2,131.20 1 0
github.com/benacook/PartyPlanner-Assignment/model/guests.go:126.16,130.3 3 0
github.com/benacook/PartyPlanner-Assignment/model/guests.go:138.46,140.16 2 0
github.com/benacook/PartyPlanner-Assignment/model/guests.go:145.2,145.20 1 0
github.com/benacook/PartyPlanner-Assignment/model/guests.go:140.16,144.3 3 0
github.com/benacook/PartyPlanner-Assignment/model/guests.go:153.42,155.16 2 0
github.com/benacook/PartyPlanner-Assignment/model/guests.go:159.2,160.16 2 0
github.com/benacook/PartyPlanner-Assignment/model/guests.go:165.2,167.12 2 0
github.com/benacook/PartyPlanner-Assignment/model/guests.go:155.16,158.3 2 0
github.com/benacook/PartyPlanner-Assignment/model/guests.go:160.16,164.3 3 0
github.com/benacook/PartyPlanner-Assignment/model/guests.go:180.57,182.16 2 0
github.com/benacook/PartyPlanner-Assignment/model/guests.go:186.2,187.16 2 0
github.com/benacook/PartyPlanner-Assignment/model/guests.go:191.2,195.24 3 0
github.com/benacook/PartyPlanner-Assignment/model/guests.go:200.2,200.59 1 0
github.com/benacook/PartyPlanner-Assignment/model/guests.go:204.2,205.16 2 0
github.com/benacook/PartyPlanner-Assignment/model/guests.go:211.2,212.16 2 0
github.com/benacook/PartyPlanner-Assignment/model/guests.go:215.2,215.15 1 0
github.com/benacook/PartyPlanner-Assignment/model/guests.go:182.16,184.3 1 0
github.com/benacook/PartyPlanner-Assignment/model/guests.go:187.16,189.3 1 0
github.com/benacook/PartyPlanner-Assignment/model/guests.go:195.24,198.3 1 0
github.com/benacook/PartyPlanner-Assignment/model/guests.go:200.59,202.3 1 0
github.com/benacook/PartyPlanner-Assignment/model/guests.go:205.16,209.3 3 0
github.com/benacook/PartyPlanner-Assignment/model/guests.go:212.16,214.3 1 0
github.com/benacook/PartyPlanner-Assignment/model/guests.go:222.42,224.16 2 0
github.com/benacook/PartyPlanner-Assignment/model/guests.go:229.2,230.16 2 0
github.com/benacook/PartyPlanner-Assignment/model/guests.go:235.2,235.12 1 0
github.com/benacook/PartyPlanner-Assignment/model/guests.go:224.16,228.3 3 0
github.com/benacook/PartyPlanner-Assignment/model/guests.go:230.16,234.3 3 0
github.com/benacook/PartyPlanner-Assignment/controller/handlers/guest-list.go:22.46,24.2 1 1
github.com/benacook/PartyPlanner-Assignment/controller/handlers/guest-list.go:32.72,34.16 2 0
github.com/benacook/PartyPlanner-Assignment/controller/handlers/guest-list.go:41.2,43.29 3 0
github.com/benacook/PartyPlanner-Assignment/controller/handlers/guest-list.go:34.16,39.3 4 0
github.com/benacook/PartyPlanner-Assignment/controller/handlers/guest-list.go:49.72,51.2 1 0
github.com/benacook/PartyPlanner-Assignment/controller/handlers/guest-list.go:61.73,66.16 4 0
github.com/benacook/PartyPlanner-Assignment/controller/handlers/guest-list.go:72.2,75.15 3 0
github.com/benacook/PartyPlanner-Assignment/controller/handlers/guest-list.go:82.2,83.33 2 0
github.com/benacook/PartyPlanner-Assignment/controller/handlers/guest-list.go:66.16,71.3 4 0
github.com/benacook/PartyPlanner-Assignment/controller/handlers/guest-list.go:75.15,80.3 4 0
github.com/benacook/PartyPlanner-Assignment/controller/handlers/guest-list.go:93.75,99.44 5 0
github.com/benacook/PartyPlanner-Assignment/controller/handlers/guest-list.go:105.2,106.34 2 0
github.com/benacook/PartyPlanner-Assignment/controller/handlers/guest-list.go:99.44,104.3 4 0
github.com/benacook/PartyPlanner-Assignment/controller/handlers/venue.go:21.38,23.2 1 1
github.com/benacook/PartyPlanner-Assignment/controller/handlers/venue.go:30.68,32.16 2 0
github.com/benacook/PartyPlanner-Assignment/controller/handlers/venue.go:38.2,39.28 2 0
github.com/benacook/PartyPlanner-Assignment/controller/handlers/venue.go:32.16,37.3 4 0
github.com/benacook/PartyPlanner-Assignment/controller/handlers/venue.go:47.73,49.16 2 0
github.com/benacook/PartyPlanner-Assignment/controller/handlers/venue.go:55.2,57.29 3 0
github.com/benacook/PartyPlanner-Assignment/controller/handlers/venue.go:49.16,54.3 4 0
github.com/benacook/PartyPlanner-Assignment/controller/handlers/venue.go:66.81,68.16 2 0
github.com/benacook/PartyPlanner-Assignment/controller/handlers/venue.go:74.2,76.29 3 0
github.com/benacook/PartyPlanner-Assignment/controller/handlers/venue.go:68.16,73.3 4 0
github.com/benacook/PartyPlanner-Assignment/controller/handlers/venue.go:82.68,84.2 1 0
github.com/benacook/PartyPlanner-Assignment/controller/handlers/venue.go:94.69,96.16 2 0
github.com/benacook/PartyPlanner-Assignment/controller/handlers/venue.go:103.2,104.16 2 0
github.com/benacook/PartyPlanner-Assignment/controller/handlers/venue.go:110.2,111.35 2 0
github.com/benacook/PartyPlanner-Assignment/controller/handlers/venue.go:96.16,101.3 4 0
github.com/benacook/PartyPlanner-Assignment/controller/handlers/venue.go:104.16,109.3 4 0
github.com/benacook/PartyPlanner-Assignment/controller/handlers/venue.go:121.71,122.44 1 0
github.com/benacook/PartyPlanner-Assignment/controller/handlers/venue.go:128.2,128.30 1 0
github.com/benacook/PartyPlanner-Assignment/controller/handlers/venue.go:122.44,126.3 3 0
github.com/benacook/PartyPlanner-Assignment/model/database/database-mocking.go:45.23,47.16 2 0
github.com/benacook/PartyPlanner-Assignment/model/database/database-mocking.go:50.2,52.15 3 0
github.com/benacook/PartyPlanner-Assignment/model/database/database-mocking.go:47.16,49.3 1 0
github.com/benacook/PartyPlanner-Assignment/model/database/database-mocking.go:58.36,64.2 2 0
github.com/benacook/PartyPlanner-Assignment/model/database/database-mocking.go:69.42,75.2 2 0
github.com/benacook/PartyPlanner-Assignment/model/database/database-mocking.go:82.45,88.2 2 0
github.com/benacook/PartyPlanner-Assignment/model/database/database-mocking.go:93.43,99.2 2 0
github.com/benacook/PartyPlanner-Assignment/model/database/database-mocking.go:104.36,110.2 2 0
github.com/benacook/PartyPlanner-Assignment/model/database/database-mocking.go:115.45,121.2 2 0
github.com/benacook/PartyPlanner-Assignment/model/database/database-mocking.go:124.50,129.2 3 0
github.com/benacook/PartyPlanner-Assignment/model/database/database-mocking.go:132.57,137.2 3 0
github.com/benacook/PartyPlanner-Assignment/model/database/database-mocking.go:140.58,144.2 2 0
github.com/benacook/PartyPlanner-Assignment/model/database/database-mocking.go:147.43,151.2 3 0
github.com/benacook/PartyPlanner-Assignment/model/database/database-mocking.go:154.53,158.2 3 0
github.com/benacook/PartyPlanner-Assignment/model/database/database-mocking.go:161.51,164.2 2 0
github.com/benacook/PartyPlanner-Assignment/model/database/database-mocking.go:167.60,172.2 3 0
github.com/benacook/PartyPlanner-Assignment/model/database/database-mocking.go:175.70,180.2 3 0
github.com/benacook/PartyPlanner-Assignment/model/database/database-mocking.go:183.69,186.2 2 0
github.com/benacook/PartyPlanner-Assignment/model/database/database-mocking.go:189.47,194.2 2 0
github.com/benacook/PartyPlanner-Assignment/model/database/database-mocking.go:197.55,202.2 2 0
github.com/benacook/PartyPlanner-Assignment/model/database/database-mocking.go:205.44,210.2 2 0
github.com/benacook/PartyPlanner-Assignment/model/database/database-mocking.go:213.52,218.2 2 0
github.com/benacook/PartyPlanner-Assignment/model/database/database-mocking.go:221.51,225.2 3 0
github.com/benacook/PartyPlanner-Assignment/model/database/database-mocking.go:228.60,232.2 2 0
github.com/benacook/PartyPlanner-Assignment/model/database/database-mocking.go:235.43,241.2 2 0
github.com/benacook/PartyPlanner-Assignment/model/database/database-mocking.go:244.49,251.2 2 0
github.com/benacook/PartyPlanner-Assignment/model/database/database-mocking.go:254.65,259.2 2 0
github.com/benacook/PartyPlanner-Assignment/model/database/database-mocking.go:262.71,268.2 2 0
github.com/benacook/PartyPlanner-Assignment/model/database/database-mocking.go:271.46,275.2 2 0
github.com/benacook/PartyPlanner-Assignment/model/database/database-mocking.go:278.51,283.2 2 0
github.com/benacook/PartyPlanner-Assignment/model/database/database-mocking.go:286.47,290.2 3 0
github.com/benacook/PartyPlanner-Assignment/model/database/database-mocking.go:293.56,297.2 2 0
github.com/benacook/PartyPlanner-Assignment/model/database/database-mocking.go:300.43,306.2 2 0
github.com/benacook/PartyPlanner-Assignment/model/database/database-mocking.go:309.82,315.2 2 0
github.com/benacook/PartyPlanner-Assignment/model/database/database-mocking.go:318.51,324.2 2 0
github.com/benacook/PartyPlanner-Assignment/model/database/database-mocking.go:327.46,332.2 2 0
github.com/benacook/PartyPlanner-Assignment/model/database/database-mocking.go:335.54,340.2 2 0
github.com/benacook/PartyPlanner-Assignment/controller/handlers/invitation.go:32.40,34.2 1 1
github.com/benacook/PartyPlanner-Assignment/controller/handlers/invitation.go:42.69,47.16 4 0
github.com/benacook/PartyPlanner-Assignment/controller/handlers/invitation.go:54.2,55.16 2 0
github.com/benacook/PartyPlanner-Assignment/controller/handlers/invitation.go:62.2,74.28 9 0
github.com/benacook/PartyPlanner-Assignment/controller/handlers/invitation.go:47.16,52.3 4 0
github.com/benacook/PartyPlanner-Assignment/controller/handlers/invitation.go:55.16,60.3 4 0
github.com/benacook/PartyPlanner-Assignment/controller/handlers/guests.go:22.38,24.2 1 1
github.com/benacook/PartyPlanner-Assignment/controller/handlers/guests.go:32.68,34.16 2 0
github.com/benacook/PartyPlanner-Assignment/controller/handlers/guests.go:39.2,41.28 3 0
github.com/benacook/PartyPlanner-Assignment/controller/handlers/guests.go:34.16,38.3 3 0
github.com/benacook/PartyPlanner-Assignment/controller/handlers/guests.go:52.68,57.16 4 0
github.com/benacook/PartyPlanner-Assignment/controller/handlers/guests.go:62.2,65.15 3 0
github.com/benacook/PartyPlanner-Assignment/controller/handlers/guests.go:71.2,72.28 2 0
github.com/benacook/PartyPlanner-Assignment/controller/handlers/guests.go:57.16,61.3 3 0
github.com/benacook/PartyPlanner-Assignment/controller/handlers/guests.go:65.15,70.3 4 0
github.com/benacook/PartyPlanner-Assignment/controller/handlers/guests.go:78.69,80.2 1 0
github.com/benacook/PartyPlanner-Assignment/controller/handlers/guests.go:88.71,94.44 5 0
github.com/benacook/PartyPlanner-Assignment/controller/handlers/guests.go:100.2,101.41 2 0
github.com/benacook/PartyPlanner-Assignment/controller/handlers/guests.go:94.44,99.3 4 0
github.com/benacook/PartyPlanner-Assignment/model/database/venueSprocs.go:16.43,22.51 2 0
github.com/benacook/PartyPlanner-Assignment/model/database/venueSprocs.go:28.2,30.16 2 0
github.com/benacook/PartyPlanner-Assignment/model/database/venueSprocs.go:34.2,34.12 1 0
github.com/benacook/PartyPlanner-Assignment/model/database/venueSprocs.go:22.51,25.3 2 0
github.com/benacook/PartyPlanner-Assignment/model/database/venueSprocs.go:30.16,33.3 2 0
github.com/benacook/PartyPlanner-Assignment/model/database/venueSprocs.go:43.41,45.16 2 0
github.com/benacook/PartyPlanner-Assignment/model/database/venueSprocs.go:49.2,56.31 4 0
github.com/benacook/PartyPlanner-Assignment/model/database/venueSprocs.go:60.2,60.15 1 0
github.com/benacook/PartyPlanner-Assignment/model/database/venueSprocs.go:45.16,48.3 2 0
github.com/benacook/PartyPlanner-Assignment/model/database/venueSprocs.go:56.31,58.3 1 0
github.com/benacook/PartyPlanner-Assignment/model/database/venueSprocs.go:68.31,70.16 2 0
github.com/benacook/PartyPlanner-Assignment/model/database/venueSprocs.go:74.2,74.12 1 0
github.com/benacook/PartyPlanner-Assignment/model/database/venueSprocs.go:70.16,73.3 2 0
github.com/benacook/PartyPlanner-Assignment/model/database/venueSprocs.go:82.82,85.16 2 0
github.com/benacook/PartyPlanner-Assignment/model/database/venueSprocs.go:89.2,89.12 1 0
github.com/benacook/PartyPlanner-Assignment/model/database/venueSprocs.go:85.16,88.3 2 0
github.com/benacook/PartyPlanner-Assignment/main.go:10.13,11.39 1 0
github.com/benacook/PartyPlanner-Assignment/main.go:14.2,19.47 4 0
github.com/benacook/PartyPlanner-Assignment/main.go:11.39,13.3 1 0
github.com/benacook/PartyPlanner-Assignment/main.go:19.47,22.3 2 0
github.com/benacook/PartyPlanner-Assignment/model/database/guestSprocs.go:14.44,17.16 2 0
github.com/benacook/PartyPlanner-Assignment/model/database/guestSprocs.go:21.2,21.12 1 0
github.com/benacook/PartyPlanner-Assignment/model/database/guestSprocs.go:17.16,20.3 2 0
github.com/benacook/PartyPlanner-Assignment/model/database/guestSprocs.go:30.59,32.16 2 0
github.com/benacook/PartyPlanner-Assignment/model/database/guestSprocs.go:36.2,44.18 5 0
github.com/benacook/PartyPlanner-Assignment/model/database/guestSprocs.go:48.2,48.15 1 0
github.com/benacook/PartyPlanner-Assignment/model/database/guestSprocs.go:32.16,35.3 2 0
github.com/benacook/PartyPlanner-Assignment/model/database/guestSprocs.go:44.18,46.3 1 0
github.com/benacook/PartyPlanner-Assignment/model/database/guestSprocs.go:57.48,59.16 2 0
github.com/benacook/PartyPlanner-Assignment/model/database/guestSprocs.go:63.2,66.17 3 0
github.com/benacook/PartyPlanner-Assignment/model/database/guestSprocs.go:72.2,72.20 1 0
github.com/benacook/PartyPlanner-Assignment/model/database/guestSprocs.go:59.16,62.3 2 0
github.com/benacook/PartyPlanner-Assignment/model/database/guestSprocs.go:66.17,71.3 3 0
github.com/benacook/PartyPlanner-Assignment/model/database/guestSprocs.go:81.52,83.16 2 0
github.com/benacook/PartyPlanner-Assignment/model/database/guestSprocs.go:87.2,90.17 3 0
github.com/benacook/PartyPlanner-Assignment/model/database/guestSprocs.go:96.2,96.20 1 0
github.com/benacook/PartyPlanner-Assignment/model/database/guestSprocs.go:83.16,86.3 2 0
github.com/benacook/PartyPlanner-Assignment/model/database/guestSprocs.go:90.17,95.3 3 0
github.com/benacook/PartyPlanner-Assignment/model/database/guestSprocs.go:105.42,107.16 2 0
github.com/benacook/PartyPlanner-Assignment/model/database/guestSprocs.go:112.2,112.12 1 0
github.com/benacook/PartyPlanner-Assignment/model/database/guestSprocs.go:107.16,110.3 2 0
github.com/benacook/PartyPlanner-Assignment/model/database/guestSprocs.go:120.55,122.16 2 0
github.com/benacook/PartyPlanner-Assignment/model/database/guestSprocs.go:126.2,126.12 1 0
github.com/benacook/PartyPlanner-Assignment/model/database/guestSprocs.go:122.16,125.3 2 0
github.com/benacook/PartyPlanner-Assignment/model/database/guestSprocs.go:134.40,136.16 2 0
github.com/benacook/PartyPlanner-Assignment/model/database/guestSprocs.go:141.2,141.12 1 0
github.com/benacook/PartyPlanner-Assignment/model/database/guestSprocs.go:136.16,139.3 2 0
github.com/benacook/PartyPlanner-Assignment/model/database/guestSprocs.go:151.61,153.16 2 0
github.com/benacook/PartyPlanner-Assignment/model/database/guestSprocs.go:157.2,160.17 3 0
github.com/benacook/PartyPlanner-Assignment/model/database/guestSprocs.go:166.2,166.20 1 0
github.com/benacook/PartyPlanner-Assignment/model/database/guestSprocs.go:153.16,156.3 2 0
github.com/benacook/PartyPlanner-Assignment/model/database/guestSprocs.go:160.17,165.3 3 0
github.com/benacook/PartyPlanner-Assignment/controller/handlers/parseJson.go:14.58,17.2 2 0
github.com/benacook/PartyPlanner-Assignment/controller/handlers/parseJson.go:24.61,28.16 4 0
github.com/benacook/PartyPlanner-Assignment/controller/handlers/parseJson.go:31.2,31.15 1 0
github.com/benacook/PartyPlanner-Assignment/controller/handlers/parseJson.go:28.16,30.3 1 0
github.com/benacook/PartyPlanner-Assignment/controller/handlers/parseJson.go:39.61,43.16 4 0
github.com/benacook/PartyPlanner-Assignment/controller/handlers/parseJson.go:46.2,46.15 1 0
github.com/benacook/PartyPlanner-Assignment/controller/handlers/parseJson.go:43.16,45.3 1 0
github.com/benacook/PartyPlanner-Assignment/controller/front.go:12.24,15.2 2 1
github.com/benacook/PartyPlanner-Assignment/controller/front.go:20.30,52.2 24 1
github.com/benacook/PartyPlanner-Assignment/model/venue.go:20.54,24.40 1 0
github.com/benacook/PartyPlanner-Assignment/model/venue.go:28.2,28.53 1 0
github.com/benacook/PartyPlanner-Assignment/model/venue.go:34.2,35.16 2 0
github.com/benacook/PartyPlanner-Assignment/model/venue.go:40.2,40.31 1 0
github.com/benacook/PartyPlanner-Assignment/model/venue.go:44.2,45.15 2 0
github.com/benacook/PartyPlanner-Assignment/model/venue.go:52.2,53.15 2 0
github.com/benacook/PartyPlanner-Assignment/model/venue.go:56.2,56.15 1 0
github.com/benacook/PartyPlanner-Assignment/model/venue.go:24.40,26.3 1 0
github.com/benacook/PartyPlanner-Assignment/model/venue.go:28.53,32.3 3 0
github.com/benacook/PartyPlanner-Assignment/model/venue.go:35.16,38.3 2 0
github.com/benacook/PartyPlanner-Assignment/model/venue.go:40.31,42.3 1 0
github.com/benacook/PartyPlanner-Assignment/model/venue.go:45.15,50.3 3 0
github.com/benacook/PartyPlanner-Assignment/model/venue.go:53.15,55.3 1 0
github.com/benacook/PartyPlanner-Assignment/model/venue.go:64.38,66.15 2 0
github.com/benacook/PartyPlanner-Assignment/model/venue.go:71.2,71.15 1 0
github.com/benacook/PartyPlanner-Assignment/model/venue.go:66.15,70.3 3 0
github.com/benacook/PartyPlanner-Assignment/model/venue.go:79.46,81.16 2 0
github.com/benacook/PartyPlanner-Assignment/model/venue.go:85.2,87.15 3 0
github.com/benacook/PartyPlanner-Assignment/model/venue.go:92.2,92.12 1 0
github.com/benacook/PartyPlanner-Assignment/model/venue.go:81.16,83.3 1 0
github.com/benacook/PartyPlanner-Assignment/model/venue.go:87.15,91.3 3 0
github.com/benacook/PartyPlanner-Assignment/model/venue.go:100.53,102.16 2 0
github.com/benacook/PartyPlanner-Assignment/model/venue.go:106.2,108.15 3 0
github.com/benacook/PartyPlanner-Assignment/model/venue.go:113.2,113.12 1 0
github.com/benacook/PartyPlanner-Assignment/model/venue.go:102.16,104.3 1 0
github.com/benacook/PartyPlanner-Assignment/model/venue.go:108.15,112.3 3 0
github.com/benacook/PartyPlanner-Assignment/model/venue.go:120.27,122.15 2 0
github.com/benacook/PartyPlanner-Assignment/model/venue.go:127.2,127.12 1 0
github.com/benacook/PartyPlanner-Assignment/model/venue.go:122.15,126.3 3 0
github.com/benacook/PartyPlanner-Assignment/model/venue.go:134.39,136.16 2 0
github.com/benacook/PartyPlanner-Assignment/model/venue.go:140.2,141.16 2 0
github.com/benacook/PartyPlanner-Assignment/model/venue.go:145.2,146.31 2 0
github.com/benacook/PartyPlanner-Assignment/model/venue.go:150.2,150.32 1 0
github.com/benacook/PartyPlanner-Assignment/model/venue.go:136.16,138.3 1 0
github.com/benacook/PartyPlanner-Assignment/model/venue.go:141.16,143.3 1 0
github.com/benacook/PartyPlanner-Assignment/model/venue.go:146.31,148.3 1 0
github.com/benacook/PartyPlanner-Assignment/model/venue.go:158.47,160.16 2 0
github.com/benacook/PartyPlanner-Assignment/model/venue.go:163.2,163.41 1 0
github.com/benacook/PartyPlanner-Assignment/model/venue.go:160.16,162.3 1 0
github.com/benacook/PartyPlanner-Assignment/model/database/guestSprocs.go:14.44,17.16 2 1
github.com/benacook/PartyPlanner-Assignment/model/database/guestSprocs.go:21.2,21.12 1 1
github.com/benacook/PartyPlanner-Assignment/model/database/guestSprocs.go:17.16,20.3 2 1
github.com/benacook/PartyPlanner-Assignment/model/database/guestSprocs.go:30.59,32.16 2 1
github.com/benacook/PartyPlanner-Assignment/model/database/guestSprocs.go:36.2,44.18 5 1
github.com/benacook/PartyPlanner-Assignment/model/database/guestSprocs.go:48.2,48.15 1 1
github.com/benacook/PartyPlanner-Assignment/model/database/guestSprocs.go:32.16,35.3 2 1
github.com/benacook/PartyPlanner-Assignment/model/database/guestSprocs.go:44.18,46.3 1 0
github.com/benacook/PartyPlanner-Assignment/model/database/guestSprocs.go:57.48,59.16 2 1
github.com/benacook/PartyPlanner-Assignment/model/database/guestSprocs.go:63.2,66.17 3 1
github.com/benacook/PartyPlanner-Assignment/model/database/guestSprocs.go:72.2,72.20 1 1
github.com/benacook/PartyPlanner-Assignment/model/database/guestSprocs.go:59.16,62.3 2 1
github.com/benacook/PartyPlanner-Assignment/model/database/guestSprocs.go:66.17,71.3 3 1
github.com/benacook/PartyPlanner-Assignment/model/database/guestSprocs.go:81.52,83.16 2 1
github.com/benacook/PartyPlanner-Assignment/model/database/guestSprocs.go:87.2,90.17 3 1
github.com/benacook/PartyPlanner-Assignment/model/database/guestSprocs.go:96.2,96.20 1 1
github.com/benacook/PartyPlanner-Assignment/model/database/guestSprocs.go:83.16,86.3 2 1
github.com/benacook/PartyPlanner-Assignment/model/database/guestSprocs.go:90.17,95.3 3 1
github.com/benacook/PartyPlanner-Assignment/model/database/guestSprocs.go:105.42,107.16 2 1
github.com/benacook/PartyPlanner-Assignment/model/database/guestSprocs.go:112.2,112.12 1 1
github.com/benacook/PartyPlanner-Assignment/model/database/guestSprocs.go:107.16,110.3 2 1
github.com/benacook/PartyPlanner-Assignment/model/database/guestSprocs.go:120.55,122.16 2 1
github.com/benacook/PartyPlanner-Assignment/model/database/guestSprocs.go:126.2,126.12 1 1
github.com/benacook/PartyPlanner-Assignment/model/database/guestSprocs.go:122.16,125.3 2 1
github.com/benacook/PartyPlanner-Assignment/model/database/guestSprocs.go:134.40,136.16 2 1
github.com/benacook/PartyPlanner-Assignment/model/database/guestSprocs.go:141.2,141.12 1 1
github.com/benacook/PartyPlanner-Assignment/model/database/guestSprocs.go:136.16,139.3 2 1
github.com/benacook/PartyPlanner-Assignment/model/database/guestSprocs.go:151.61,153.16 2 1
github.com/benacook/PartyPlanner-Assignment/model/database/guestSprocs.go:157.2,160.17 3 1
github.com/benacook/PartyPlanner-Assignment/model/database/guestSprocs.go:166.2,166.20 1 1
github.com/benacook/PartyPlanner-Assignment/model/database/guestSprocs.go:153.16,156.3 2 0
github.com/benacook/PartyPlanner-Assignment/model/database/guestSprocs.go:160.17,165.3 3 1
github.com/benacook/PartyPlanner-Assignment/main.go:10.13,11.39 1 0
github.com/benacook/PartyPlanner-Assignment/main.go:14.2,19.47 4 0
github.com/benacook/PartyPlanner-Assignment/main.go:11.39,13.3 1 0
github.com/benacook/PartyPlanner-Assignment/main.go:19.47,22.3 2 0
github.com/benacook/PartyPlanner-Assignment/controller/handlers/guest-list.go:22.46,24.2 1 1
github.com/benacook/PartyPlanner-Assignment/controller/handlers/guest-list.go:32.72,34.16 2 1
github.com/benacook/PartyPlanner-Assignment/controller/handlers/guest-list.go:41.2,43.29 3 1
github.com/benacook/PartyPlanner-Assignment/controller/handlers/guest-list.go:34.16,39.3 4 1
github.com/benacook/PartyPlanner-Assignment/controller/handlers/guest-list.go:49.72,51.2 1 0
github.com/benacook/PartyPlanner-Assignment/controller/handlers/guest-list.go:61.73,66.16 4 1
github.com/benacook/PartyPlanner-Assignment/controller/handlers/guest-list.go:72.2,75.15 3 1
github.com/benacook/PartyPlanner-Assignment/controller/handlers/guest-list.go:82.2,83.33 2 1
github.com/benacook/PartyPlanner-Assignment/controller/handlers/guest-list.go:66.16,71.3 4 1
github.com/benacook/PartyPlanner-Assignment/controller/handlers/guest-list.go:75.15,80.3 4 1
github.com/benacook/PartyPlanner-Assignment/controller/handlers/guest-list.go:93.75,99.44 5 1
github.com/benacook/PartyPlanner-Assignment/controller/handlers/guest-list.go:105.2,106.34 2 1
github.com/benacook/PartyPlanner-Assignment/controller/handlers/guest-list.go:99.44,104.3 4 1
github.com/benacook/PartyPlanner-Assignment/controller/handlers/guests.go:22.38,24.2 1 1
github.com/benacook/PartyPlanner-Assignment/controller/handlers/guests.go:32.68,34.16 2 1
github.com/benacook/PartyPlanner-Assignment/controller/handlers/guests.go:39.2,41.28 3 1
github.com/benacook/PartyPlanner-Assignment/controller/handlers/guests.go:34.16,38.3 3 1
github.com/benacook/PartyPlanner-Assignment/controller/handlers/guests.go:52.68,57.16 4 1
github.com/benacook/PartyPlanner-Assignment/controller/handlers/guests.go:62.2,65.15 3 1
github.com/benacook/PartyPlanner-Assignment/controller/handlers/guests.go:71.2,72.28 2 1
github.com/benacook/PartyPlanner-Assignment/controller/handlers/guests.go:57.16,61.3 3 1
github.com/benacook/PartyPlanner-Assignment/controller/handlers/guests.go:65.15,70.3 4 1
github.com/benacook/PartyPlanner-Assignment/controller/handlers/guests.go:78.69,80.2 1 0
github.com/benacook/PartyPlanner-Assignment/controller/handlers/guests.go:88.71,94.44 5 1
github.com/benacook/PartyPlanner-Assignment/controller/handlers/guests.go:100.2,101.41 2 1
github.com/benacook/PartyPlanner-Assignment/controller/handlers/guests.go:94.44,99.3 4 1
github.com/benacook/PartyPlanner-Assignment/controller/handlers/invitation.go:32.40,34.2 1 1
github.com/benacook/PartyPlanner-Assignment/controller/handlers/invitation.go:42.69,47.16 4 1
github.com/benacook/PartyPlanner-Assignment/controller/handlers/invitation.go:54.2,55.16 2 1
github.com/benacook/PartyPlanner-Assignment/controller/handlers/invitation.go:62.2,74.28 9 1
github.com/benacook/PartyPlanner-Assignment/controller/handlers/invitation.go:47.16,52.3 4 1
github.com/benacook/PartyPlanner-Assignment/controller/handlers/invitation.go:55.16,60.3 4 1
github.com/benacook/PartyPlanner-Assignment/model/database/database.go:30.19,33.16 3 0
github.com/benacook/PartyPlanner-Assignment/model/database/database.go:37.2,37.12 1 0
github.com/benacook/PartyPlanner-Assignment/model/database/database.go:33.16,36.3 2 0
github.com/benacook/PartyPlanner-Assignment/model/database/database.go:45.70,48.16 3 0
github.com/benacook/PartyPlanner-Assignment/model/database/database.go:53.2,54.16 2 0
github.com/benacook/PartyPlanner-Assignment/model/database/database.go:59.2,59.26 1 0
github.com/benacook/PartyPlanner-Assignment/model/database/database.go:48.16,51.3 2 0
github.com/benacook/PartyPlanner-Assignment/model/database/database.go:54.16,57.3 2 0
github.com/benacook/PartyPlanner-Assignment/model/database/database.go:65.29,67.2 1 0
github.com/benacook/PartyPlanner-Assignment/model/database/database.go:72.81,74.15 2 1
github.com/benacook/PartyPlanner-Assignment/model/database/database.go:78.2,78.15 1 1
github.com/benacook/PartyPlanner-Assignment/model/database/database.go:74.15,77.3 2 1
github.com/benacook/PartyPlanner-Assignment/model/database/database.go:84.81,86.15 2 1
github.com/benacook/PartyPlanner-Assignment/model/database/database.go:90.2,90.18 1 1
github.com/benacook/PartyPlanner-Assignment/model/database/database.go:86.15,89.3 2 1
github.com/benacook/PartyPlanner-Assignment/model/guests.go:16.64,18.16 2 1
github.com/benacook/PartyPlanner-Assignment/model/guests.go:24.2,25.31 2 1
github.com/benacook/PartyPlanner-Assignment/model/guests.go:29.2,29.45 1 1
github.com/benacook/PartyPlanner-Assignment/model/guests.go:18.16,22.3 3 0
github.com/benacook/PartyPlanner-Assignment/model/guests.go:25.31,27.3 1 1
github.com/benacook/PartyPlanner-Assignment/model/guests.go:38.64,39.45 1 0
github.com/benacook/PartyPlanner-Assignment/model/guests.go:49.2,49.65 1 0
github.com/benacook/PartyPlanner-Assignment/model/guests.go:39.45,41.17 2 0
github.com/benacook/PartyPlanner-Assignment/model/guests.go:45.3,45.28 1 0
github.com/benacook/PartyPlanner-Assignment/model/guests.go:41.17,43.4 1 0
github.com/benacook/PartyPlanner-Assignment/model/guests.go:45.28,47.4 1 0
github.com/benacook/PartyPlanner-Assignment/model/guests.go:64.53,67.16 2 1
github.com/benacook/PartyPlanner-Assignment/model/guests.go:74.2,74.33 1 1
github.com/benacook/PartyPlanner-Assignment/model/guests.go:78.2,79.16 2 1
github.com/benacook/PartyPlanner-Assignment/model/guests.go:83.2,83.45 1 1
github.com/benacook/PartyPlanner-Assignment/model/guests.go:91.2,92.16 2 1
github.com/benacook/PartyPlanner-Assignment/model/guests.go:98.2,102.15 3 1
github.com/benacook/PartyPlanner-Assignment/model/guests.go:67.16,71.3 3 0
github.com/benacook/PartyPlanner-Assignment/model/guests.go:74.33,76.3 1 0
github.com/benacook/PartyPlanner-Assignment/model/guests.go:79.16,81.3 1 0
github.com/benacook/PartyPlanner-Assignment/model/guests.go:83.45,85.17 2 0
github.com/benacook/PartyPlanner-Assignment/model/guests.go:85.17,88.4 2 0
github.com/benacook/PartyPlanner-Assignment/model/guests.go:92.16,96.3 3 1
github.com/benacook/PartyPlanner-Assignment/model/guests.go:110.48,112.15 2 1
github.com/benacook/PartyPlanner-Assignment/model/guests.go:117.2,117.15 1 1
github.com/benacook/PartyPlanner-Assignment/model/guests.go:112.15,116.3 3 1
github.com/benacook/PartyPlanner-Assignment/model/guests.go:124.42,126.16 2 1
github.com/benacook/PartyPlanner-Assignment/model/guests.go:131.2,131.20 1 1
github.com/benacook/PartyPlanner-Assignment/model/guests.go:126.16,130.3 3 1
github.com/benacook/PartyPlanner-Assignment/model/guests.go:138.46,140.16 2 1
github.com/benacook/PartyPlanner-Assignment/model/guests.go:145.2,145.20 1 1
github.com/benacook/PartyPlanner-Assignment/model/guests.go:140.16,144.3 3 1
github.com/benacook/PartyPlanner-Assignment/model/guests.go:153.42,155.16 2 1
github.com/benacook/PartyPlanner-Assignment/model/guests.go:159.2,160.16 2 1
github.com/benacook/PartyPlanner-Assignment/model/guests.go:165.2,167.12 2 1
github.com/benacook/PartyPlanner-Assignment/model/guests.go:155.16,158.3 2 0
github.com/benacook/PartyPlanner-Assignment/model/guests.go:160.16,164.3 3 1
github.com/benacook/PartyPlanner-Assignment/model/guests.go:180.57,182.16 2 1
github.com/benacook/PartyPlanner-Assignment/model/guests.go:186.2,187.16 2 1
github.com/benacook/PartyPlanner-Assignment/model/guests.go:191.2,195.24 3 1
github.com/benacook/PartyPlanner-Assignment/model/guests.go:200.2,200.59 1 1
github.com/benacook/PartyPlanner-Assignment/model/guests.go:204.2,205.16 2 1
github.com/benacook/PartyPlanner-Assignment/model/guests.go:211.2,212.16 2 1
github.com/benacook/PartyPlanner-Assignment/model/guests.go:215.2,215.15 1 1
github.com/benacook/PartyPlanner-Assignment/model/guests.go:182.16,184.3 1 0
github.com/benacook/PartyPlanner-Assignment/model/guests.go:187.16,189.3 1 0
github.com/benacook/PartyPlanner-Assignment/model/guests.go:195.24,198.3 1 0
github.com/benacook/PartyPlanner-Assignment/model/guests.go:200.59,202.3 1 0
github.com/benacook/PartyPlanner-Assignment/model/guests.go:205.16,209.3 3 1
github.com/benacook/PartyPlanner-Assignment/model/guests.go:212.16,214.3 1 0
github.com/benacook/PartyPlanner-Assignment/model/guests.go:222.42,224.16 2 1
github.com/benacook/PartyPlanner-Assignment/model/guests.go:229.2,230.16 2 1
github.com/benacook/PartyPlanner-Assignment/model/guests.go:235.2,235.12 1 1
github.com/benacook/PartyPlanner-Assignment/model/guests.go:224.16,228.3 3 0
github.com/benacook/PartyPlanner-Assignment/model/guests.go:230.16,234.3 3 1
github.com/benacook/PartyPlanner-Assignment/controller/front.go:12.24,15.2 2 0
github.com/benacook/PartyPlanner-Assignment/controller/front.go:20.30,52.2 24 0
github.com/benacook/PartyPlanner-Assignment/controller/handlers/parseJson.go:14.58,17.2 2 1
github.com/benacook/PartyPlanner-Assignment/controller/handlers/parseJson.go:24.61,28.16 4 1
github.com/benacook/PartyPlanner-Assignment/controller/handlers/parseJson.go:31.2,31.15 1 1
github.com/benacook/PartyPlanner-Assignment/controller/handlers/parseJson.go:28.16,30.3 1 1
github.com/benacook/PartyPlanner-Assignment/controller/handlers/parseJson.go:39.61,43.16 4 1
github.com/benacook/PartyPlanner-Assignment/controller/handlers/parseJson.go:46.2,46.15 1 1
github.com/benacook/PartyPlanner-Assignment/controller/handlers/parseJson.go:43.16,45.3 1 1
github.com/benacook/PartyPlanner-Assignment/controller/handlers/venue.go:21.38,23.2 1 1
github.com/benacook/PartyPlanner-Assignment/controller/handlers/venue.go:30.68,32.16 2 1
github.com/benacook/PartyPlanner-Assignment/controller/handlers/venue.go:38.2,39.28 2 1
github.com/benacook/PartyPlanner-Assignment/controller/handlers/venue.go:32.16,37.3 4 1
github.com/benacook/PartyPlanner-Assignment/controller/handlers/venue.go:47.73,49.16 2 1
github.com/benacook/PartyPlanner-Assignment/controller/handlers/venue.go:55.2,57.29 3 1
github.com/benacook/PartyPlanner-Assignment/controller/handlers/venue.go:49.16,54.3 4 1
github.com/benacook/PartyPlanner-Assignment/controller/handlers/venue.go:66.81,68.16 2 1
github.com/benacook/PartyPlanner-Assignment/controller/handlers/venue.go:74.2,76.29 3 1
github.com/benacook/PartyPlanner-Assignment/controller/handlers/venue.go:68.16,73.3 4 1
github.com/benacook/PartyPlanner-Assignment/controller/handlers/venue.go:82.68,84.2 1 0
github.com/benacook/PartyPlanner-Assignment/controller/handlers/venue.go:94.69,96.16 2 1
github.com/benacook/PartyPlanner-Assignment/controller/handlers/venue.go:103.2,104.16 2 1
github.com/benacook/PartyPlanner-Assignment/controller/handlers/venue.go:110.2,111.35 2 1
github.com/benacook/PartyPlanner-Assignment/controller/handlers/venue.go:96.16,101.3 4 1
github.com/benacook/PartyPlanner-Assignment/controller/handlers/venue.go:104.16,109.3 4 1
github.com/benacook/PartyPlanner-Assignment/controller/handlers/venue.go:121.71,122.44 1 1
github.com/benacook/PartyPlanner-Assignment/controller/handlers/venue.go:128.2,128.30 1 1
github.com/benacook/PartyPlanner-Assignment/controller/handlers/venue.go:122.44,126.3 3 1
github.com/benacook/PartyPlanner-Assignment/model/database/database-mocking.go:45.23,47.16 2 1
github.com/benacook/PartyPlanner-Assignment/model/database/database-mocking.go:50.2,52.15 3 1
github.com/benacook/PartyPlanner-Assignment/model/database/database-mocking.go:47.16,49.3 1 0
github.com/benacook/PartyPlanner-Assignment/model/database/database-mocking.go:58.36,64.2 2 1
github.com/benacook/PartyPlanner-Assignment/model/database/database-mocking.go:69.42,75.2 2 0
github.com/benacook/PartyPlanner-Assignment/model/database/database-mocking.go:82.45,88.2 2 0
github.com/benacook/PartyPlanner-Assignment/model/database/database-mocking.go:93.43,99.2 2 1
github.com/benacook/PartyPlanner-Assignment/model/database/database-mocking.go:104.36,110.2 2 1
github.com/benacook/PartyPlanner-Assignment/model/database/database-mocking.go:115.45,121.2 2 0
github.com/benacook/PartyPlanner-Assignment/model/database/database-mocking.go:124.50,129.2 3 1
github.com/benacook/PartyPlanner-Assignment/model/database/database-mocking.go:132.57,137.2 3 0
github.com/benacook/PartyPlanner-Assignment/model/database/database-mocking.go:140.58,144.2 2 1
github.com/benacook/PartyPlanner-Assignment/model/database/database-mocking.go:147.43,151.2 3 1
github.com/benacook/PartyPlanner-Assignment/model/database/database-mocking.go:154.53,158.2 3 0
github.com/benacook/PartyPlanner-Assignment/model/database/database-mocking.go:161.51,164.2 2 1
github.com/benacook/PartyPlanner-Assignment/model/database/database-mocking.go:167.60,172.2 3 1
github.com/benacook/PartyPlanner-Assignment/model/database/database-mocking.go:175.70,180.2 3 0
github.com/benacook/PartyPlanner-Assignment/model/database/database-mocking.go:183.69,186.2 2 0
github.com/benacook/PartyPlanner-Assignment/model/database/database-mocking.go:189.47,194.2 2 1
github.com/benacook/PartyPlanner-Assignment/model/database/database-mocking.go:197.55,202.2 2 1
github.com/benacook/PartyPlanner-Assignment/model/database/database-mocking.go:205.44,210.2 2 1
github.com/benacook/PartyPlanner-Assignment/model/database/database-mocking.go:213.52,218.2 2 1
github.com/benacook/PartyPlanner-Assignment/model/database/database-mocking.go:221.51,225.2 3 1
github.com/benacook/PartyPlanner-Assignment/model/database/database-mocking.go:228.60,232.2 2 1
github.com/benacook/PartyPlanner-Assignment/model/database/database-mocking.go:235.43,241.2 2 1
github.com/benacook/PartyPlanner-Assignment/model/database/database-mocking.go:244.49,251.2 2 1
github.com/benacook/PartyPlanner-Assignment/model/database/database-mocking.go:254.65,259.2 2 1
github.com/benacook/PartyPlanner-Assignment/model/database/database-mocking.go:262.71,268.2 2 0
github.com/benacook/PartyPlanner-Assignment/model/database/database-mocking.go:271.46,275.2 2 1
github.com/benacook/PartyPlanner-Assignment/model/database/database-mocking.go:278.51,283.2 2 1
github.com/benacook/PartyPlanner-Assignment/model/database/database-mocking.go:286.47,290.2 3 1
github.com/benacook/PartyPlanner-Assignment/model/database/database-mocking.go:293.56,297.2 2 1
github.com/benacook/PartyPlanner-Assignment/model/database/database-mocking.go:300.43,306.2 2 1
github.com/benacook/PartyPlanner-Assignment/model/database/database-mocking.go:309.82,315.2 2 0
github.com/benacook/PartyPlanner-Assignment/model/database/database-mocking.go:318.51,324.2 2 1
github.com/benacook/PartyPlanner-Assignment/model/database/database-mocking.go:327.46,332.2 2 1
github.com/benacook/PartyPlanner-Assignment/model/database/database-mocking.go:335.54,340.2 2 1
github.com/benacook/PartyPlanner-Assignment/model/database/venueSprocs.go:16.43,22.51 2 1
github.com/benacook/PartyPlanner-Assignment/model/database/venueSprocs.go:28.2,30.16 2 1
github.com/benacook/PartyPlanner-Assignment/model/database/venueSprocs.go:34.2,34.12 1 1
github.com/benacook/PartyPlanner-Assignment/model/database/venueSprocs.go:22.51,25.3 2 0
github.com/benacook/PartyPlanner-Assignment/model/database/venueSprocs.go:30.16,33.3 2 1
github.com/benacook/PartyPlanner-Assignment/model/database/venueSprocs.go:43.41,45.16 2 1
github.com/benacook/PartyPlanner-Assignment/model/database/venueSprocs.go:49.2,56.31 4 1
github.com/benacook/PartyPlanner-Assignment/model/database/venueSprocs.go:60.2,60.15 1 1
github.com/benacook/PartyPlanner-Assignment/model/database/venueSprocs.go:45.16,48.3 2 1
github.com/benacook/PartyPlanner-Assignment/model/database/venueSprocs.go:56.31,58.3 1 0
github.com/benacook/PartyPlanner-Assignment/model/database/venueSprocs.go:68.31,70.16 2 1
github.com/benacook/PartyPlanner-Assignment/model/database/venueSprocs.go:74.2,74.12 1 1
github.com/benacook/PartyPlanner-Assignment/model/database/venueSprocs.go:70.16,73.3 2 1
github.com/benacook/PartyPlanner-Assignment/model/database/venueSprocs.go:82.82,85.16 2 1
github.com/benacook/PartyPlanner-Assignment/model/database/venueSprocs.go:89.2,89.12 1 1
github.com/benacook/PartyPlanner-Assignment/model/database/venueSprocs.go:85.16,88.3 2 0
github.com/benacook/PartyPlanner-Assignment/model/venue.go:20.54,24.40 1 1
github.com/benacook/PartyPlanner-Assignment/model/venue.go:28.2,28.53 1 1
github.com/benacook/PartyPlanner-Assignment/model/venue.go:34.2,35.16 2 1
github.com/benacook/PartyPlanner-Assignment/model/venue.go:40.2,40.31 1 1
github.com/benacook/PartyPlanner-Assignment/model/venue.go:44.2,45.15 2 1
github.com/benacook/PartyPlanner-Assignment/model/venue.go:52.2,53.15 2 1
github.com/benacook/PartyPlanner-Assignment/model/venue.go:56.2,56.15 1 1
github.com/benacook/PartyPlanner-Assignment/model/venue.go:24.40,26.3 1 0
github.com/benacook/PartyPlanner-Assignment/model/venue.go:28.53,32.3 3 1
github.com/benacook/PartyPlanner-Assignment/model/venue.go:35.16,38.3 2 0
github.com/benacook/PartyPlanner-Assignment/model/venue.go:40.31,42.3 1 1
github.com/benacook/PartyPlanner-Assignment/model/venue.go:45.15,50.3 3 0
github.com/benacook/PartyPlanner-Assignment/model/venue.go:53.15,55.3 1 0
github.com/benacook/PartyPlanner-Assignment/model/venue.go:64.38,66.15 2 1
github.com/benacook/PartyPlanner-Assignment/model/venue.go:71.2,71.15 1 1
github.com/benacook/PartyPlanner-Assignment/model/venue.go:66.15,70.3 3 1
github.com/benacook/PartyPlanner-Assignment/model/venue.go:79.46,81.16 2 1
github.com/benacook/PartyPlanner-Assignment/model/venue.go:85.2,87.15 3 1
github.com/benacook/PartyPlanner-Assignment/model/venue.go:92.2,92.12 1 1
github.com/benacook/PartyPlanner-Assignment/model/venue.go:81.16,83.3 1 0
github.com/benacook/PartyPlanner-Assignment/model/venue.go:87.15,91.3 3 0
github.com/benacook/PartyPlanner-Assignment/model/venue.go:100.53,102.16 2 1
github.com/benacook/PartyPlanner-Assignment/model/venue.go:106.2,108.15 3 1
github.com/benacook/PartyPlanner-Assignment/model/venue.go:113.2,113.12 1 1
github.com/benacook/PartyPlanner-Assignment/model/venue.go:102.16,104.3 1 0
github.com/benacook/PartyPlanner-Assignment/model/venue.go:108.15,112.3 3 0
github.com/benacook/PartyPlanner-Assignment/model/venue.go:120.27,122.15 2 1
github.com/benacook/PartyPlanner-Assignment/model/venue.go:127.2,127.12 1 1
github.com/benacook/PartyPlanner-Assignment/model/venue.go:122.15,126.3 3 1
github.com/benacook/PartyPlanner-Assignment/model/venue.go:134.39,136.16 2 1
github.com/benacook/PartyPlanner-Assignment/model/venue.go:140.2,141.16 2 1
github.com/benacook/PartyPlanner-Assignment/model/venue.go:145.2,146.31 2 1
github.com/benacook/PartyPlanner-Assignment/model/venue.go:150.2,150.32 1 1
github.com/benacook/PartyPlanner-Assignment/model/venue.go:136.16,138.3 1 1
github.com/benacook/PartyPlanner-Assignment/model/venue.go:141.16,143.3 1 0
github.com/benacook/PartyPlanner-Assignment/model/venue.go:146.31,148.3 1 1
github.com/benacook/PartyPlanner-Assignment/model/venue.go:158.47,160.16 2 1
github.com/benacook/PartyPlanner-Assignment/model/venue.go:163.2,163.41 1 1
github.com/benacook/PartyPlanner-Assignment/model/venue.go:160.16,162.3 1 1
